Copyright 1986-2022 Xilinx, Inc. All Rights Reserved. Copyright 2022-2025 Advanced Micro Devices, Inc. All Rights Reserved.
----------------------------------------------------------------------------------------------------------------------------------------------------------
| Tool Version : Vivado v.2025.2 (lin64) Build 6299465 Fri Nov 14 12:34:56 MST 2025
| Date         : Wed Feb  4 19:20:03 2026
| Host         : localhost.localdomain running 64-bit Red Hat Enterprise Linux release 8.10 (Ootpa)
| Command      : report_clock_utilization -file /home/kshan/rvx_repos/npx-fpga-sdk/platform/starc_vera1/imp_genesys2_2026-02-04/imp_result/clock_util.rpt
| Design       : STARC_VERA1_FPGA
| Device       : 7k325t-ffg900
| Speed File   : -2  PRODUCTION 1.12 2017-02-17
| Design State : Routed
----------------------------------------------------------------------------------------------------------------------------------------------------------

Clock Utilization Report

Table of Contents
-----------------
1. Clock Primitive Utilization
2. Global Clock Resources
3. Global Clock Source Details
4. Local Clock Details
5. Clock Regions: Key Resource Utilization
6. Clock Regions : Global Clock Summary
7. Device Cell Placement Summary for Global Clock g0
8. Device Cell Placement Summary for Global Clock g1
9. Device Cell Placement Summary for Global Clock g2
10. Device Cell Placement Summary for Global Clock g3
11. Device Cell Placement Summary for Global Clock g4
12. Device Cell Placement Summary for Global Clock g5
13. Device Cell Placement Summary for Global Clock g6
14. Device Cell Placement Summary for Global Clock g7
15. Clock Region Cell Placement per Global Clock: Region X0Y0
16. Clock Region Cell Placement per Global Clock: Region X1Y0
17. Clock Region Cell Placement per Global Clock: Region X0Y1
18. Clock Region Cell Placement per Global Clock: Region X1Y1
19. Clock Region Cell Placement per Global Clock: Region X0Y2
20. Clock Region Cell Placement per Global Clock: Region X1Y2
21. Clock Region Cell Placement per Global Clock: Region X0Y3
22. Clock Region Cell Placement per Global Clock: Region X1Y3
23. Clock Region Cell Placement per Global Clock: Region X0Y4
24. Clock Region Cell Placement per Global Clock: Region X1Y4

1. Clock Primitive Utilization
------------------------------

+----------+------+-----------+-----+--------------+--------+
| Type     | Used | Available | LOC | Clock Region | Pblock |
+----------+------+-----------+-----+--------------+--------+
| BUFGCTRL |    7 |        32 |   0 |            0 |      0 |
| BUFH     |    1 |       168 |   0 |            0 |      0 |
| BUFIO    |    0 |        40 |   0 |            0 |      0 |
| BUFMR    |    0 |        20 |   0 |            0 |      0 |
| BUFR     |    0 |        40 |   0 |            0 |      0 |
| MMCM     |    2 |        10 |   1 |            0 |      0 |
| PLL      |    1 |        10 |   1 |            0 |      0 |
+----------+------+-----------+-----+--------------+--------+


2. Global Clock Resources
-------------------------

+-----------+-----------+-----------------+------------+---------------+--------------+-------------------+-------------+-----------------+--------------+----------------------------------+-----------------------------------------------------------------------------------------------------------------------+--------------------------------------------------------------------------------------------------------------+
| Global Id | Source Id | Driver Type/Pin | Constraint | Site          | Clock Region | Load Clock Region | Clock Loads | Non-Clock Loads | Clock Period | Clock                            | Driver Pin                                                                                                            | Net                                                                                                          |
+-----------+-----------+-----------------+------------+---------------+--------------+-------------------+-------------+-----------------+--------------+----------------------------------+-----------------------------------------------------------------------------------------------------------------------+--------------------------------------------------------------------------------------------------------------+
| g0        | src0      | BUFG/O          | None       | BUFGCTRL_X0Y2 | n/a          |                10 |       46511 |               0 |       10.000 | clk_100000000_xilinx_clock_pll_0 | i_platform/i_pll0/i_xilinx_clock_pll_0/inst/clkout1_buf/O                                                             | i_platform/i_pll0/i_xilinx_clock_pll_0/inst/clk_100000000                                                    |
| g1        | src1      | BUFG/O          | None       | BUFGCTRL_X0Y0 | n/a          |                10 |       18848 |               0 |       10.000 | clk_pll_i                        | i_platform/i_system_ddr/u_xilinx_ddr3_ctrl_axi32/u_xilinx_ddr3_ctrl_axi32_mig/u_ddr3_infrastructure/u_bufg_clkdiv0/O  | i_platform/i_system_ddr/u_xilinx_ddr3_ctrl_axi32/u_xilinx_ddr3_ctrl_axi32_mig/u_ddr3_infrastructure/CLK      |
| g2        | src2      | BUFG/O          | None       | BUFGCTRL_X0Y4 | n/a          |                 1 |         253 |               0 |      100.000 | pjtag_rclk                       | pjtag_rtck_IBUF_BUFG_inst/O                                                                                           | pjtag_rtck_IBUF_BUFG                                                                                         |
| g3        | src3      | BUFG/O          | None       | BUFGCTRL_X0Y1 | n/a          |                 4 |          17 |               0 |        5.000 | clk_200000000_xilinx_clock_pll_0 | i_platform/i_pll0/i_xilinx_clock_pll_0/inst/clkout2_buf/O                                                             | i_platform/i_pll0/i_xilinx_clock_pll_0/inst/clk_200000000                                                    |
| g4        | src4      | BUFG/O          | None       | BUFGCTRL_X0Y6 | n/a          |                 1 |           1 |               0 |        5.000 | external_clk_0                   | i_platform/i_pll0/i_xilinx_clock_pll_0/inst/clkin1_bufg1/O                                                            | i_platform/i_pll0/i_xilinx_clock_pll_0/inst/clk_in1_xilinx_clock_pll_0                                       |
| g5        | src5      | BUFG/O          | None       | BUFGCTRL_X0Y5 | n/a          |                 1 |           1 |               0 |        5.000 | clkfbout_xilinx_clock_pll_0      | i_platform/i_pll0/i_xilinx_clock_pll_0/inst/clkf_buf/O                                                                | i_platform/i_pll0/i_xilinx_clock_pll_0/inst/clkfbout_buf_xilinx_clock_pll_0                                  |
| g6        | src6      | BUFH/O          | None       | BUFHCE_X1Y12  | X1Y1         |                 1 |           1 |               0 |       10.000 | pll_clk3_out                     | i_platform/i_system_ddr/u_xilinx_ddr3_ctrl_axi32/u_xilinx_ddr3_ctrl_axi32_mig/u_ddr3_infrastructure/u_bufh_pll_clk3/O | i_platform/i_system_ddr/u_xilinx_ddr3_ctrl_axi32/u_xilinx_ddr3_ctrl_axi32_mig/u_ddr3_infrastructure/pll_clk3 |
| g7        | src7      | BUFG/O          | None       | BUFGCTRL_X0Y3 | n/a          |                10 |           0 |           25874 |          n/a | n/a                              | i_platform/i_rtl/platform_controller/i_rvx_instance_1/rvx_signal_13_reg[4]_0_BUFG_inst/O                              | i_platform/i_rtl/platform_controller/i_rvx_instance_1/rvx_signal_13_reg[4]_0_BUFG                            |
+-----------+-----------+-----------------+------------+---------------+--------------+-------------------+-------------+-----------------+--------------+----------------------------------+-----------------------------------------------------------------------------------------------------------------------+--------------------------------------------------------------------------------------------------------------+
* Clock Loads column represents cell count of net connects that connect to a clock pin. Internal cell leaf pins are not considered
** Non-Clock Loads column represents cell count of non-clock pin loads


3. Global Clock Source Details
------------------------------

+-----------+-----------+---------------------+-----------------+-----------------+--------------+-------------+-----------------+---------------------+----------------------------------+------------------------------------------------------------------------------------------------------------------------------+------------------------------------------------------------------------------------------------------------------+
| Source Id | Global Id | Driver Type/Pin     | Constraint      | Site            | Clock Region | Clock Loads | Non-Clock Loads | Source Clock Period | Source Clock                     | Driver Pin                                                                                                                   | Net                                                                                                              |
+-----------+-----------+---------------------+-----------------+-----------------+--------------+-------------+-----------------+---------------------+----------------------------------+------------------------------------------------------------------------------------------------------------------------------+------------------------------------------------------------------------------------------------------------------+
| src0      | g0        | MMCME2_ADV/CLKOUT0  | None            | MMCME2_ADV_X1Y0 | X1Y0         |           1 |               0 |              10.000 | clk_100000000_xilinx_clock_pll_0 | i_platform/i_pll0/i_xilinx_clock_pll_0/inst/mmcm_adv_inst/CLKOUT0                                                            | i_platform/i_pll0/i_xilinx_clock_pll_0/inst/clk_100000000_xilinx_clock_pll_0                                     |
| src1      | g1        | MMCME2_ADV/CLKFBOUT | MMCME2_ADV_X1Y1 | MMCME2_ADV_X1Y1 | X1Y1         |           1 |               0 |              10.000 | clk_pll_i                        | i_platform/i_system_ddr/u_xilinx_ddr3_ctrl_axi32/u_xilinx_ddr3_ctrl_axi32_mig/u_ddr3_infrastructure/gen_mmcm.mmcm_i/CLKFBOUT | i_platform/i_system_ddr/u_xilinx_ddr3_ctrl_axi32/u_xilinx_ddr3_ctrl_axi32_mig/u_ddr3_infrastructure/clk_pll_i    |
| src2      | g2        | IBUF/O              | IOB_X0Y63       | IOB_X0Y63       | X0Y1         |           1 |               0 |             100.000 | pjtag_rclk                       | pjtag_rtck_IBUF_inst/O                                                                                                       | pjtag_rtck_IBUF                                                                                                  |
| src3      | g3        | MMCME2_ADV/CLKOUT1  | None            | MMCME2_ADV_X1Y0 | X1Y0         |           1 |               0 |               5.000 | clk_200000000_xilinx_clock_pll_0 | i_platform/i_pll0/i_xilinx_clock_pll_0/inst/mmcm_adv_inst/CLKOUT1                                                            | i_platform/i_pll0/i_xilinx_clock_pll_0/inst/clk_200000000_xilinx_clock_pll_0                                     |
| src4      | g4        | IBUFDS/O            | IOB_X1Y76       | IOB_X1Y76       | X1Y1         |           1 |               0 |               5.000 | external_clk_0                   | i_platform/i_pll0/i_xilinx_clock_pll_0/inst/clkin1_ibufgds/O                                                                 | i_platform/i_pll0/i_xilinx_clock_pll_0/inst/clk_in1_xilinx_clock_pll_0_buf                                       |
| src5      | g5        | MMCME2_ADV/CLKFBOUT | None            | MMCME2_ADV_X1Y0 | X1Y0         |           1 |               0 |               5.000 | clkfbout_xilinx_clock_pll_0      | i_platform/i_pll0/i_xilinx_clock_pll_0/inst/mmcm_adv_inst/CLKFBOUT                                                           | i_platform/i_pll0/i_xilinx_clock_pll_0/inst/clkfbout_xilinx_clock_pll_0                                          |
| src6      | g6        | PLLE2_ADV/CLKOUT3   | PLLE2_ADV_X1Y1  | PLLE2_ADV_X1Y1  | X1Y1         |           1 |               0 |              10.000 | pll_clk3_out                     | i_platform/i_system_ddr/u_xilinx_ddr3_ctrl_axi32/u_xilinx_ddr3_ctrl_axi32_mig/u_ddr3_infrastructure/plle2_i/CLKOUT3          | i_platform/i_system_ddr/u_xilinx_ddr3_ctrl_axi32/u_xilinx_ddr3_ctrl_axi32_mig/u_ddr3_infrastructure/pll_clk3_out |
| src7      | g7        | LUT2/O              | None            | SLICE_X75Y20    | X0Y0         |           1 |               0 |                     |                                  | i_platform/i_rtl/platform_controller/i_rvx_instance_1/i_reg_center_row[4].i_reg_center_col[6].data[4][6][31]_i_3__2/O        | i_platform/i_rtl/platform_controller/i_rvx_instance_1/rvx_signal_13_reg[4]_0                                     |
+-----------+-----------+---------------------+-----------------+-----------------+--------------+-------------+-----------------+---------------------+----------------------------------+------------------------------------------------------------------------------------------------------------------------------+------------------------------------------------------------------------------------------------------------------+
* Clock Loads column represents cell count of net connects that connect to a clock pin. Internal cell leaf pins are not considered
** Non-Clock Loads column represents cell count of non-clock pin loads


4. Local Clock Details
----------------------

+----------+----------------------------+----------------------+-------------------------------------+--------------+-------------+-----------------+--------------+---------------+----------------------------------------------------------------------------------------------------------------------------------------------------------------------------------------------------------------------------------------------------+-------------------------------------------------------------------------------------------------------------------------------------------------------------------------------------------------------------------------------------------------+
| Local Id | Driver Type/Pin            | Constraint           | Site/BEL                            | Clock Region | Clock Loads | Non-Clock Loads | Clock Period | Clock         | Driver Pin                                                                                                                                                                                                                                         | Net                                                                                                                                                                                                                                             |
+----------+----------------------------+----------------------+-------------------------------------+--------------+-------------+-----------------+--------------+---------------+----------------------------------------------------------------------------------------------------------------------------------------------------------------------------------------------------------------------------------------------------+-------------------------------------------------------------------------------------------------------------------------------------------------------------------------------------------------------------------------------------------------+
| 0        | PLLE2_ADV/CLKOUT0          | PLLE2_ADV_X1Y1       | PLLE2_ADV_X1Y1/PLLE2_ADV            | X1Y1         |          10 |               4 |        1.250 | freq_refclk   | i_platform/i_system_ddr/u_xilinx_ddr3_ctrl_axi32/u_xilinx_ddr3_ctrl_axi32_mig/u_ddr3_infrastructure/plle2_i/CLKOUT0                                                                                                                                | i_platform/i_system_ddr/u_xilinx_ddr3_ctrl_axi32/u_xilinx_ddr3_ctrl_axi32_mig/u_ddr3_infrastructure/freq_refclk                                                                                                                                 |
| 1        | PLLE2_ADV/CLKOUT1          | PLLE2_ADV_X1Y1       | PLLE2_ADV_X1Y1/PLLE2_ADV            | X1Y1         |           2 |              12 |        2.500 | mem_refclk    | i_platform/i_system_ddr/u_xilinx_ddr3_ctrl_axi32/u_xilinx_ddr3_ctrl_axi32_mig/u_ddr3_infrastructure/plle2_i/CLKOUT1                                                                                                                                | i_platform/i_system_ddr/u_xilinx_ddr3_ctrl_axi32/u_xilinx_ddr3_ctrl_axi32_mig/u_ddr3_infrastructure/mem_refclk                                                                                                                                  |
| 2        | PHASER_OUT_PHY/OCLKDELAYED | PHASER_OUT_PHY_X1Y8  | PHASER_OUT_PHY_X1Y8/PHASER_OUT_PHY  | X1Y2         |           2 |               0 |        2.500 | oserdes_clk   | i_platform/i_system_ddr/u_xilinx_ddr3_ctrl_axi32/u_xilinx_ddr3_ctrl_axi32_mig/u_memc_ui_top_axi/mem_intfc0/ddr_phy_top0/u_ddr_mc_phy_wrapper/u_ddr_mc_phy/ddr_phy_4lanes_0.u_ddr_phy_4lanes/ddr_byte_lane_A.ddr_byte_lane_A/phaser_out/OCLKDELAYED | i_platform/i_system_ddr/u_xilinx_ddr3_ctrl_axi32/u_xilinx_ddr3_ctrl_axi32_mig/u_memc_ui_top_axi/mem_intfc0/ddr_phy_top0/u_ddr_mc_phy_wrapper/u_ddr_mc_phy/ddr_phy_4lanes_0.u_ddr_phy_4lanes/ddr_byte_lane_A.ddr_byte_lane_A/oserdes_clk_delayed |
| 3        | PHASER_OUT_PHY/OCLKDELAYED | PHASER_OUT_PHY_X1Y9  | PHASER_OUT_PHY_X1Y9/PHASER_OUT_PHY  | X1Y2         |           2 |               0 |        2.500 | oserdes_clk_1 | i_platform/i_system_ddr/u_xilinx_ddr3_ctrl_axi32/u_xilinx_ddr3_ctrl_axi32_mig/u_memc_ui_top_axi/mem_intfc0/ddr_phy_top0/u_ddr_mc_phy_wrapper/u_ddr_mc_phy/ddr_phy_4lanes_0.u_ddr_phy_4lanes/ddr_byte_lane_B.ddr_byte_lane_B/phaser_out/OCLKDELAYED | i_platform/i_system_ddr/u_xilinx_ddr3_ctrl_axi32/u_xilinx_ddr3_ctrl_axi32_mig/u_memc_ui_top_axi/mem_intfc0/ddr_phy_top0/u_ddr_mc_phy_wrapper/u_ddr_mc_phy/ddr_phy_4lanes_0.u_ddr_phy_4lanes/ddr_byte_lane_B.ddr_byte_lane_B/oserdes_clk_delayed |
| 4        | PHASER_OUT_PHY/OCLKDELAYED | PHASER_OUT_PHY_X1Y10 | PHASER_OUT_PHY_X1Y10/PHASER_OUT_PHY | X1Y2         |           2 |               0 |        2.500 | oserdes_clk_2 | i_platform/i_system_ddr/u_xilinx_ddr3_ctrl_axi32/u_xilinx_ddr3_ctrl_axi32_mig/u_memc_ui_top_axi/mem_intfc0/ddr_phy_top0/u_ddr_mc_phy_wrapper/u_ddr_mc_phy/ddr_phy_4lanes_0.u_ddr_phy_4lanes/ddr_byte_lane_C.ddr_byte_lane_C/phaser_out/OCLKDELAYED | i_platform/i_system_ddr/u_xilinx_ddr3_ctrl_axi32/u_xilinx_ddr3_ctrl_axi32_mig/u_memc_ui_top_axi/mem_intfc0/ddr_phy_top0/u_ddr_mc_phy_wrapper/u_ddr_mc_phy/ddr_phy_4lanes_0.u_ddr_phy_4lanes/ddr_byte_lane_C.ddr_byte_lane_C/oserdes_clk_delayed |
| 5        | PHASER_OUT_PHY/OCLKDELAYED | PHASER_OUT_PHY_X1Y11 | PHASER_OUT_PHY_X1Y11/PHASER_OUT_PHY | X1Y2         |           2 |               0 |        2.500 | oserdes_clk_3 | i_platform/i_system_ddr/u_xilinx_ddr3_ctrl_axi32/u_xilinx_ddr3_ctrl_axi32_mig/u_memc_ui_top_axi/mem_intfc0/ddr_phy_top0/u_ddr_mc_phy_wrapper/u_ddr_mc_phy/ddr_phy_4lanes_0.u_ddr_phy_4lanes/ddr_byte_lane_D.ddr_byte_lane_D/phaser_out/OCLKDELAYED | i_platform/i_system_ddr/u_xilinx_ddr3_ctrl_axi32/u_xilinx_ddr3_ctrl_axi32_mig/u_memc_ui_top_axi/mem_intfc0/ddr_phy_top0/u_ddr_mc_phy_wrapper/u_ddr_mc_phy/ddr_phy_4lanes_0.u_ddr_phy_4lanes/ddr_byte_lane_D.ddr_byte_lane_D/oserdes_clk_delayed |
+----------+----------------------------+----------------------+-------------------------------------+--------------+-------------+-----------------+--------------+---------------+----------------------------------------------------------------------------------------------------------------------------------------------------------------------------------------------------------------------------------------------------+-------------------------------------------------------------------------------------------------------------------------------------------------------------------------------------------------------------------------------------------------+
* Local Clocks in this context represents only clocks driven by non-global buffers
** Clock Loads column represents cell count of net connects that connect to a clock pin. Internal cell leaf pins are not considered
*** Non-Clock Loads column represents cell count of non-clock pin loads


5. Clock Regions: Key Resource Utilization
------------------------------------------

+-------------------+--------------+--------------+--------------+--------------+--------------+--------------+--------------+--------------+--------------+--------------+---------------+--------------+--------------+--------------+--------------+
|                   | Global Clock |     BUFRs    |    BUFMRs    |    BUFIOs    |     MMCM     |      PLL     |      GT      |      PCI     |    ILOGIC    |    OLOGIC    |       FF      |     LUTM     |    RAMB18    |    RAMB36    |    DSP48E2   |
+-------------------+------+-------+------+-------+------+-------+------+-------+------+-------+------+-------+------+-------+------+-------+------+-------+------+-------+-------+-------+------+-------+------+-------+------+-------+------+-------+
| Clock Region Name | Used | Avail | Used | Avail | Used | Avail | Used | Avail | Used | Avail | Used | Avail | Used | Avail | Used | Avail | Used | Avail | Used | Avail | Used  | Avail | Used | Avail | Used | Avail | Used | Avail | Used | Avail |
+-------------------+------+-------+------+-------+------+-------+------+-------+------+-------+------+-------+------+-------+------+-------+------+-------+------+-------+-------+-------+------+-------+------+-------+------+-------+------+-------+
| X0Y0              |    4 |    12 |    0 |     4 |    0 |     2 |    0 |     4 |    0 |     1 |    0 |     1 |    0 |     0 |    0 |     0 |    0 |    50 |    0 |    50 | 10577 |  4000 | 3019 |  1150 |    0 |    60 |    4 |    30 |    3 |    60 |
| X1Y0              |    5 |    12 |    0 |     4 |    0 |     2 |    0 |     4 |    1 |     1 |    0 |     1 |    0 |     0 |    0 |     0 |    0 |    50 |    0 |    50 | 11983 |  3700 | 3747 |  1200 |    0 |    80 |    0 |    40 |    0 |    60 |
| X0Y1              |    3 |    12 |    0 |     4 |    0 |     2 |    0 |     4 |    0 |     1 |    0 |     1 |    0 |     0 |    0 |     0 |    0 |    50 |    0 |    50 | 10809 |  4000 | 3243 |  1150 |    4 |    60 |    4 |    30 |    0 |    60 |
| X1Y1              |    5 |    12 |    0 |     4 |    0 |     2 |    0 |     4 |    1 |     1 |    1 |     1 |    0 |     0 |    0 |     0 |    0 |    50 |    0 |    50 | 10816 |  3700 | 3447 |  1200 |    0 |    80 |    0 |    40 |    0 |    60 |
| X0Y2              |    3 |    12 |    0 |     4 |    0 |     2 |    0 |     4 |    0 |     1 |    0 |     1 |    0 |     0 |    0 |     0 |    0 |    50 |    0 |    50 |  5923 |  3400 | 2063 |  1150 |    0 |    60 |    0 |    30 |    0 |    60 |
| X1Y2              |    4 |    12 |    0 |     4 |    0 |     2 |    0 |     4 |    0 |     1 |    0 |     1 |    0 |     0 |    0 |     0 |    0 |    50 |    8 |    50 |  5190 |  3700 | 1736 |  1200 |    0 |    80 |    0 |    40 |    0 |    60 |
| X0Y3              |    3 |    12 |    0 |     4 |    0 |     2 |    0 |     4 |    0 |     1 |    0 |     1 |    0 |     0 |    0 |     0 |    0 |    50 |    0 |    50 |  2897 |  3400 | 1016 |  1150 |    5 |    60 |    0 |    30 |    0 |    60 |
| X1Y3              |    3 |    12 |    0 |     0 |    0 |     0 |    0 |     0 |    0 |     0 |    0 |     0 |    0 |     4 |    0 |     1 |    0 |     0 |    0 |     0 |  4306 |  3150 | 1441 |  1050 |    0 |    50 |    0 |    25 |    0 |    60 |
| X0Y4              |    4 |    12 |    0 |     4 |    0 |     2 |    0 |     4 |    0 |     1 |    0 |     1 |    0 |     0 |    0 |     0 |    0 |    50 |    0 |    50 |   961 |  4000 |  321 |  1150 |   11 |    60 |    0 |    30 |    0 |    60 |
| X1Y4              |    4 |    12 |    0 |     0 |    0 |     0 |    0 |     0 |    0 |     0 |    0 |     0 |    0 |     4 |    0 |     0 |    0 |     0 |    0 |     0 |  1454 |  3300 |  530 |  1100 |    0 |    60 |    0 |    30 |    0 |    60 |
| X0Y5              |    0 |    12 |    0 |     4 |    0 |     2 |    0 |     4 |    0 |     1 |    0 |     1 |    0 |     0 |    0 |     0 |    0 |    50 |    0 |    50 |     0 |  4000 |    0 |  1150 |    0 |    60 |    0 |    30 |    0 |    60 |
| X1Y5              |    0 |    12 |    0 |     0 |    0 |     0 |    0 |     0 |    0 |     0 |    0 |     0 |    0 |     4 |    0 |     0 |    0 |     0 |    0 |     0 |     0 |  3300 |    0 |  1100 |    0 |    60 |    0 |    30 |    0 |    60 |
| X0Y6              |    0 |    12 |    0 |     4 |    0 |     2 |    0 |     4 |    0 |     1 |    0 |     1 |    0 |     0 |    0 |     0 |    0 |    50 |    0 |    50 |     0 |  4000 |    0 |  1150 |    0 |    60 |    0 |    30 |    0 |    60 |
| X1Y6              |    0 |    12 |    0 |     0 |    0 |     0 |    0 |     0 |    0 |     0 |    0 |     0 |    0 |     4 |    0 |     0 |    0 |     0 |    0 |     0 |     0 |  3300 |    0 |  1100 |    0 |    60 |    0 |    30 |    0 |    60 |
+-------------------+------+-------+------+-------+------+-------+------+-------+------+-------+------+-------+------+-------+------+-------+------+-------+------+-------+-------+-------+------+-------+------+-------+------+-------+------+-------+
* Global Clock column represents track count; while other columns represents cell counts


6. Clock Regions : Global Clock Summary
---------------------------------------

All Modules
+----+----+----+
|    | X0 | X1 |
+----+----+----+
| Y6 |  0 |  0 |
| Y5 |  0 |  0 |
| Y4 |  0 |  0 |
| Y3 |  0 |  0 |
| Y2 |  0 |  0 |
| Y1 |  0 |  0 |
| Y0 |  0 |  0 |
+----+----+----+


7. Device Cell Placement Summary for Global Clock g0
----------------------------------------------------

+-----------+-----------------+-------------------+----------------------------------+-------------+---------------+-------------+----------+----------------+----------+-----------------------------------------------------------+
| Global Id | Driver Type/Pin | Driver Region (D) | Clock                            | Period (ns) | Waveform (ns) | Slice Loads | IO Loads | Clocking Loads | GT Loads | Net                                                       |
+-----------+-----------------+-------------------+----------------------------------+-------------+---------------+-------------+----------+----------------+----------+-----------------------------------------------------------+
| g0        | BUFG/O          | n/a               | clk_100000000_xilinx_clock_pll_0 |      10.000 | {0.000 5.000} |       46475 |        0 |              0 |        0 | i_platform/i_pll0/i_xilinx_clock_pll_0/inst/clk_100000000 |
+-----------+-----------------+-------------------+----------------------------------+-------------+---------------+-------------+----------+----------------+----------+-----------------------------------------------------------+
* Slice Loads column represents load cell count of all cell types other than IO, GT and clock resources
** IO Loads column represents load cell count of IO types
*** Clocking Loads column represents load cell count that are clock resources (global clock buffer, MMCM, PLL, etc)
**** GT Loads column represents load cell count of GT types


+----+-------+-------+-----------------------+
|    | X0    | X1    | HORIZONTAL PROG DELAY |
+----+-------+-------+-----------------------+
| Y6 |     0 |     0 |                     - |
| Y5 |     0 |     0 |                     - |
| Y4 |   600 |    64 |                     0 |
| Y3 |  2745 |  1087 |                     0 |
| Y2 |  5638 |  3500 |                     0 |
| Y1 |  9447 |  7251 |                     0 |
| Y0 |  9300 |  6843 |                     0 |
+----+-------+-------+-----------------------+


8. Device Cell Placement Summary for Global Clock g1
----------------------------------------------------

+-----------+-----------------+-------------------+-----------+-------------+---------------+-------------+----------+----------------+----------+---------------------------------------------------------------------------------------------------------+
| Global Id | Driver Type/Pin | Driver Region (D) | Clock     | Period (ns) | Waveform (ns) | Slice Loads | IO Loads | Clocking Loads | GT Loads | Net                                                                                                     |
+-----------+-----------------+-------------------+-----------+-------------+---------------+-------------+----------+----------------+----------+---------------------------------------------------------------------------------------------------------+
| g1        | BUFG/O          | n/a               | clk_pll_i |      10.000 | {0.000 5.000} |       18642 |        0 |              1 |        0 | i_platform/i_system_ddr/u_xilinx_ddr3_ctrl_axi32/u_xilinx_ddr3_ctrl_axi32_mig/u_ddr3_infrastructure/CLK |
+-----------+-----------------+-------------------+-----------+-------------+---------------+-------------+----------+----------------+----------+---------------------------------------------------------------------------------------------------------+
* Slice Loads column represents load cell count of all cell types other than IO, GT and clock resources
** IO Loads column represents load cell count of IO types
*** Clocking Loads column represents load cell count that are clock resources (global clock buffer, MMCM, PLL, etc)
**** GT Loads column represents load cell count of GT types


+----+-------+-------+-----------------------+
|    | X0    | X1    | HORIZONTAL PROG DELAY |
+----+-------+-------+-----------------------+
| Y6 |     0 |     0 |                     - |
| Y5 |     0 |     0 |                     - |
| Y4 |   377 |  1387 |                     0 |
| Y3 |   160 |  3228 |                     0 |
| Y2 |   285 |  2007 |                     0 |
| Y1 |  1374 |  3653 |                     0 |
| Y0 |  1031 |  5141 |                     0 |
+----+-------+-------+-----------------------+


9. Device Cell Placement Summary for Global Clock g2
----------------------------------------------------

+-----------+-----------------+-------------------+------------+-------------+----------------+-------------+----------+----------------+----------+----------------------+
| Global Id | Driver Type/Pin | Driver Region (D) | Clock      | Period (ns) | Waveform (ns)  | Slice Loads | IO Loads | Clocking Loads | GT Loads | Net                  |
+-----------+-----------------+-------------------+------------+-------------+----------------+-------------+----------+----------------+----------+----------------------+
| g2        | BUFG/O          | n/a               | pjtag_rclk |     100.000 | {0.000 50.000} |         253 |        0 |              0 |        0 | pjtag_rtck_IBUF_BUFG |
+-----------+-----------------+-------------------+------------+-------------+----------------+-------------+----------+----------------+----------+----------------------+
* Slice Loads column represents load cell count of all cell types other than IO, GT and clock resources
** IO Loads column represents load cell count of IO types
*** Clocking Loads column represents load cell count that are clock resources (global clock buffer, MMCM, PLL, etc)
**** GT Loads column represents load cell count of GT types


+----+------+----+-----------------------+
|    | X0   | X1 | HORIZONTAL PROG DELAY |
+----+------+----+-----------------------+
| Y6 |    0 |  0 |                     - |
| Y5 |    0 |  0 |                     - |
| Y4 |    0 |  0 |                     - |
| Y3 |    0 |  0 |                     - |
| Y2 |    0 |  0 |                     - |
| Y1 |    0 |  0 |                     - |
| Y0 |  253 |  0 |                     0 |
+----+------+----+-----------------------+


10. Device Cell Placement Summary for Global Clock g3
-----------------------------------------------------

+-----------+-----------------+-------------------+----------------------------------+-------------+---------------+-------------+----------+----------------+----------+-----------------------------------------------------------+
| Global Id | Driver Type/Pin | Driver Region (D) | Clock                            | Period (ns) | Waveform (ns) | Slice Loads | IO Loads | Clocking Loads | GT Loads | Net                                                       |
+-----------+-----------------+-------------------+----------------------------------+-------------+---------------+-------------+----------+----------------+----------+-----------------------------------------------------------+
| g3        | BUFG/O          | n/a               | clk_200000000_xilinx_clock_pll_0 |       5.000 | {0.000 2.500} |          16 |        0 |              1 |        0 | i_platform/i_pll0/i_xilinx_clock_pll_0/inst/clk_200000000 |
+-----------+-----------------+-------------------+----------------------------------+-------------+---------------+-------------+----------+----------------+----------+-----------------------------------------------------------+
* Slice Loads column represents load cell count of all cell types other than IO, GT and clock resources
** IO Loads column represents load cell count of IO types
*** Clocking Loads column represents load cell count that are clock resources (global clock buffer, MMCM, PLL, etc)
**** GT Loads column represents load cell count of GT types


+----+----+----+-----------------------+
|    | X0 | X1 | HORIZONTAL PROG DELAY |
+----+----+----+-----------------------+
| Y6 |  0 |  0 |                     - |
| Y5 |  0 |  0 |                     - |
| Y4 |  8 |  7 |                     0 |
| Y3 |  0 |  0 |                     - |
| Y2 |  0 |  1 |                     0 |
| Y1 |  0 |  1 |                     0 |
| Y0 |  0 |  0 |                     - |
+----+----+----+-----------------------+


11. Device Cell Placement Summary for Global Clock g4
-----------------------------------------------------

+-----------+-----------------+-------------------+----------------+-------------+---------------+-------------+----------+----------------+----------+------------------------------------------------------------------------+
| Global Id | Driver Type/Pin | Driver Region (D) | Clock          | Period (ns) | Waveform (ns) | Slice Loads | IO Loads | Clocking Loads | GT Loads | Net                                                                    |
+-----------+-----------------+-------------------+----------------+-------------+---------------+-------------+----------+----------------+----------+------------------------------------------------------------------------+
| g4        | BUFG/O          | n/a               | external_clk_0 |       5.000 | {0.000 2.500} |           0 |        0 |              1 |        0 | i_platform/i_pll0/i_xilinx_clock_pll_0/inst/clk_in1_xilinx_clock_pll_0 |
+-----------+-----------------+-------------------+----------------+-------------+---------------+-------------+----------+----------------+----------+------------------------------------------------------------------------+
* Slice Loads column represents load cell count of all cell types other than IO, GT and clock resources
** IO Loads column represents load cell count of IO types
*** Clocking Loads column represents load cell count that are clock resources (global clock buffer, MMCM, PLL, etc)
**** GT Loads column represents load cell count of GT types


+----+----+----+-----------------------+
|    | X0 | X1 | HORIZONTAL PROG DELAY |
+----+----+----+-----------------------+
| Y6 |  0 |  0 |                     - |
| Y5 |  0 |  0 |                     - |
| Y4 |  0 |  0 |                     - |
| Y3 |  0 |  0 |                     - |
| Y2 |  0 |  0 |                     - |
| Y1 |  0 |  0 |                     - |
| Y0 |  0 |  1 |                     0 |
+----+----+----+-----------------------+


12. Device Cell Placement Summary for Global Clock g5
-----------------------------------------------------

+-----------+-----------------+-------------------+-----------------------------+-------------+---------------+-------------+----------+----------------+----------+-----------------------------------------------------------------------------+
| Global Id | Driver Type/Pin | Driver Region (D) | Clock                       | Period (ns) | Waveform (ns) | Slice Loads | IO Loads | Clocking Loads | GT Loads | Net                                                                         |
+-----------+-----------------+-------------------+-----------------------------+-------------+---------------+-------------+----------+----------------+----------+-----------------------------------------------------------------------------+
| g5        | BUFG/O          | n/a               | clkfbout_xilinx_clock_pll_0 |       5.000 | {0.000 2.500} |           0 |        0 |              1 |        0 | i_platform/i_pll0/i_xilinx_clock_pll_0/inst/clkfbout_buf_xilinx_clock_pll_0 |
+-----------+-----------------+-------------------+-----------------------------+-------------+---------------+-------------+----------+----------------+----------+-----------------------------------------------------------------------------+
* Slice Loads column represents load cell count of all cell types other than IO, GT and clock resources
** IO Loads column represents load cell count of IO types
*** Clocking Loads column represents load cell count that are clock resources (global clock buffer, MMCM, PLL, etc)
**** GT Loads column represents load cell count of GT types


+----+----+----+-----------------------+
|    | X0 | X1 | HORIZONTAL PROG DELAY |
+----+----+----+-----------------------+
| Y6 |  0 |  0 |                     - |
| Y5 |  0 |  0 |                     - |
| Y4 |  0 |  0 |                     - |
| Y3 |  0 |  0 |                     - |
| Y2 |  0 |  0 |                     - |
| Y1 |  0 |  0 |                     - |
| Y0 |  0 |  1 |                     0 |
+----+----+----+-----------------------+


13. Device Cell Placement Summary for Global Clock g6
-----------------------------------------------------

+-----------+-----------------+-------------------+--------------+-------------+---------------+-------------+----------+----------------+----------+--------------------------------------------------------------------------------------------------------------+
| Global Id | Driver Type/Pin | Driver Region (D) | Clock        | Period (ns) | Waveform (ns) | Slice Loads | IO Loads | Clocking Loads | GT Loads | Net                                                                                                          |
+-----------+-----------------+-------------------+--------------+-------------+---------------+-------------+----------+----------------+----------+--------------------------------------------------------------------------------------------------------------+
| g6        | BUFH/O          | X1Y1              | pll_clk3_out |      10.000 | {0.000 5.000} |           0 |        0 |              1 |        0 | i_platform/i_system_ddr/u_xilinx_ddr3_ctrl_axi32/u_xilinx_ddr3_ctrl_axi32_mig/u_ddr3_infrastructure/pll_clk3 |
+-----------+-----------------+-------------------+--------------+-------------+---------------+-------------+----------+----------------+----------+--------------------------------------------------------------------------------------------------------------+
* Slice Loads column represents load cell count of all cell types other than IO, GT and clock resources
** IO Loads column represents load cell count of IO types
*** Clocking Loads column represents load cell count that are clock resources (global clock buffer, MMCM, PLL, etc)
**** GT Loads column represents load cell count of GT types


+----+----+--------+-----------------------+
|    | X0 | X1     | HORIZONTAL PROG DELAY |
+----+----+--------+-----------------------+
| Y6 |  0 |      0 |                     - |
| Y5 |  0 |      0 |                     - |
| Y4 |  0 |      0 |                     - |
| Y3 |  0 |      0 |                     - |
| Y2 |  0 |      0 |                     - |
| Y1 |  0 |  (D) 1 |                     0 |
| Y0 |  0 |      0 |                     - |
+----+----+--------+-----------------------+


14. Device Cell Placement Summary for Global Clock g7
-----------------------------------------------------

+-----------+-----------------+-------------------+-------+-------------+---------------+-------------+----------+----------------+----------+-----------------------------------------------------------------------------------+
| Global Id | Driver Type/Pin | Driver Region (D) | Clock | Period (ns) | Waveform (ns) | Slice Loads | IO Loads | Clocking Loads | GT Loads | Net                                                                               |
+-----------+-----------------+-------------------+-------+-------------+---------------+-------------+----------+----------------+----------+-----------------------------------------------------------------------------------+
| g7        | BUFG/O          | n/a               |       |             |               |       25874 |        0 |              0 |        0 | i_platform/i_rtl/platform_controller/i_rvx_instance_1/rvx_signal_13_reg[4]_0_BUFG |
+-----------+-----------------+-------------------+-------+-------------+---------------+-------------+----------+----------------+----------+-----------------------------------------------------------------------------------+
* Slice Loads column represents load cell count of all cell types other than IO, GT and clock resources
** IO Loads column represents load cell count of IO types
*** Clocking Loads column represents load cell count that are clock resources (global clock buffer, MMCM, PLL, etc)
**** GT Loads column represents load cell count of GT types


+----+-------+-------+-----------------------+
|    | X0    | X1    | HORIZONTAL PROG DELAY |
+----+-------+-------+-----------------------+
| Y6 |     0 |     0 |                     - |
| Y5 |     0 |     0 |                     - |
| Y4 |   600 |    64 |                     0 |
| Y3 |  2745 |  1087 |                     0 |
| Y2 |  5612 |  3500 |                     0 |
| Y1 |  4051 |  7251 |                     0 |
| Y0 |   105 |   859 |                     0 |
+----+-------+-------+-----------------------+


15. Clock Region Cell Placement per Global Clock: Region X0Y0
-------------------------------------------------------------

+-----------+-------+-----------------+------------+-------------+-----------------+------+-------------+------+-----+----+------+-----+---------+---------------------------------------------------------------------------------------------------------+
| Global Id | Track | Driver Type/Pin | Constraint | Clock Loads | Non-Clock Loads | FF   | Memory LUTs | RAMB | DSP | GT | MMCM | PLL | Hard IP | Net                                                                                                     |
+-----------+-------+-----------------+------------+-------------+-----------------+------+-------------+------+-----+----+------+-----+---------+---------------------------------------------------------------------------------------------------------+
| g0        | n/a   | BUFG/O          | None       |        9300 |               0 | 9293 |           0 |    4 |   3 |  0 |    0 |   0 |       0 | i_platform/i_pll0/i_xilinx_clock_pll_0/inst/clk_100000000                                               |
| g1        | n/a   | BUFG/O          | None       |        1031 |               0 | 1031 |           0 |    0 |   0 |  0 |    0 |   0 |       0 | i_platform/i_system_ddr/u_xilinx_ddr3_ctrl_axi32/u_xilinx_ddr3_ctrl_axi32_mig/u_ddr3_infrastructure/CLK |
| g2        | n/a   | BUFG/O          | None       |         253 |               0 |  253 |           0 |    0 |   0 |  0 |    0 |   0 |       0 | pjtag_rtck_IBUF_BUFG                                                                                    |
| g7        | n/a   | BUFG/O          | None       |           0 |             105 |  105 |           0 |    0 |   0 |  0 |    0 |   0 |       0 | i_platform/i_rtl/platform_controller/i_rvx_instance_1/rvx_signal_13_reg[4]_0_BUFG                       |
+-----------+-------+-----------------+------------+-------------+-----------------+------+-------------+------+-----+----+------+-----+---------+---------------------------------------------------------------------------------------------------------+
* Clock Loads column represents cell count of net connects that connect to a clock pin. Internal cell leaf pins are not considered
** Non-Clock Loads column represents cell count of non-clock pin loads
*** Columns FF, LUTRAM, RAMB through 'Hard IP' represents load cell counts


16. Clock Region Cell Placement per Global Clock: Region X1Y0
-------------------------------------------------------------

+-----------+-------+-----------------+------------+-------------+-----------------+------+-------------+------+-----+----+------+-----+---------+---------------------------------------------------------------------------------------------------------+
| Global Id | Track | Driver Type/Pin | Constraint | Clock Loads | Non-Clock Loads | FF   | Memory LUTs | RAMB | DSP | GT | MMCM | PLL | Hard IP | Net                                                                                                     |
+-----------+-------+-----------------+------------+-------------+-----------------+------+-------------+------+-----+----+------+-----+---------+---------------------------------------------------------------------------------------------------------+
| g0        | n/a   | BUFG/O          | None       |        6843 |               0 | 6843 |           0 |    0 |   0 |  0 |    0 |   0 |       0 | i_platform/i_pll0/i_xilinx_clock_pll_0/inst/clk_100000000                                               |
| g1        | n/a   | BUFG/O          | None       |        5141 |               0 | 5140 |           1 |    0 |   0 |  0 |    0 |   0 |       0 | i_platform/i_system_ddr/u_xilinx_ddr3_ctrl_axi32/u_xilinx_ddr3_ctrl_axi32_mig/u_ddr3_infrastructure/CLK |
| g4        | n/a   | BUFG/O          | None       |           1 |               0 |    0 |           0 |    0 |   0 |  0 |    1 |   0 |       0 | i_platform/i_pll0/i_xilinx_clock_pll_0/inst/clk_in1_xilinx_clock_pll_0                                  |
| g5        | n/a   | BUFG/O          | None       |           1 |               0 |    0 |           0 |    0 |   0 |  0 |    1 |   0 |       0 | i_platform/i_pll0/i_xilinx_clock_pll_0/inst/clkfbout_buf_xilinx_clock_pll_0                             |
| g7        | n/a   | BUFG/O          | None       |           0 |             859 |  859 |           0 |    0 |   0 |  0 |    0 |   0 |       0 | i_platform/i_rtl/platform_controller/i_rvx_instance_1/rvx_signal_13_reg[4]_0_BUFG                       |
+-----------+-------+-----------------+------------+-------------+-----------------+------+-------------+------+-----+----+------+-----+---------+---------------------------------------------------------------------------------------------------------+
* Clock Loads column represents cell count of net connects that connect to a clock pin. Internal cell leaf pins are not considered
** Non-Clock Loads column represents cell count of non-clock pin loads
*** Columns FF, LUTRAM, RAMB through 'Hard IP' represents load cell counts


17. Clock Region Cell Placement per Global Clock: Region X0Y1
-------------------------------------------------------------

+-----------+-------+-----------------+------------+-------------+-----------------+------+-------------+------+-----+----+------+-----+---------+---------------------------------------------------------------------------------------------------------+
| Global Id | Track | Driver Type/Pin | Constraint | Clock Loads | Non-Clock Loads | FF   | Memory LUTs | RAMB | DSP | GT | MMCM | PLL | Hard IP | Net                                                                                                     |
+-----------+-------+-----------------+------------+-------------+-----------------+------+-------------+------+-----+----+------+-----+---------+---------------------------------------------------------------------------------------------------------+
| g0        | n/a   | BUFG/O          | None       |        9447 |               0 | 9435 |           0 |    8 |   0 |  0 |    0 |   0 |       0 | i_platform/i_pll0/i_xilinx_clock_pll_0/inst/clk_100000000                                               |
| g1        | n/a   | BUFG/O          | None       |        1374 |               0 | 1374 |           0 |    0 |   0 |  0 |    0 |   0 |       0 | i_platform/i_system_ddr/u_xilinx_ddr3_ctrl_axi32/u_xilinx_ddr3_ctrl_axi32_mig/u_ddr3_infrastructure/CLK |
| g7        | n/a   | BUFG/O          | None       |           0 |            4051 | 4051 |           0 |    0 |   0 |  0 |    0 |   0 |       0 | i_platform/i_rtl/platform_controller/i_rvx_instance_1/rvx_signal_13_reg[4]_0_BUFG                       |
+-----------+-------+-----------------+------------+-------------+-----------------+------+-------------+------+-----+----+------+-----+---------+---------------------------------------------------------------------------------------------------------+
* Clock Loads column represents cell count of net connects that connect to a clock pin. Internal cell leaf pins are not considered
** Non-Clock Loads column represents cell count of non-clock pin loads
*** Columns FF, LUTRAM, RAMB through 'Hard IP' represents load cell counts


18. Clock Region Cell Placement per Global Clock: Region X1Y1
-------------------------------------------------------------

+-----------+-------+-----------------+------------+-------------+-----------------+------+-------------+------+-----+----+------+-----+---------+--------------------------------------------------------------------------------------------------------------+
| Global Id | Track | Driver Type/Pin | Constraint | Clock Loads | Non-Clock Loads | FF   | Memory LUTs | RAMB | DSP | GT | MMCM | PLL | Hard IP | Net                                                                                                          |
+-----------+-------+-----------------+------------+-------------+-----------------+------+-------------+------+-----+----+------+-----+---------+--------------------------------------------------------------------------------------------------------------+
| g0        | n/a   | BUFG/O          | None       |        7251 |               0 | 7251 |           0 |    0 |   0 |  0 |    0 |   0 |       0 | i_platform/i_pll0/i_xilinx_clock_pll_0/inst/clk_100000000                                                    |
| g1        | n/a   | BUFG/O          | None       |        3653 |               0 | 3565 |          78 |    0 |   0 |  0 |    1 |   0 |       0 | i_platform/i_system_ddr/u_xilinx_ddr3_ctrl_axi32/u_xilinx_ddr3_ctrl_axi32_mig/u_ddr3_infrastructure/CLK      |
| g3        | n/a   | BUFG/O          | None       |           1 |               0 |    0 |           0 |    0 |   0 |  0 |    0 |   1 |       0 | i_platform/i_pll0/i_xilinx_clock_pll_0/inst/clk_200000000                                                    |
| g6        | n/a   | BUFH/O          | None       |           1 |               0 |    0 |           0 |    0 |   0 |  0 |    1 |   0 |       0 | i_platform/i_system_ddr/u_xilinx_ddr3_ctrl_axi32/u_xilinx_ddr3_ctrl_axi32_mig/u_ddr3_infrastructure/pll_clk3 |
| g7        | n/a   | BUFG/O          | None       |           0 |            7251 | 7251 |           0 |    0 |   0 |  0 |    0 |   0 |       0 | i_platform/i_rtl/platform_controller/i_rvx_instance_1/rvx_signal_13_reg[4]_0_BUFG                            |
+-----------+-------+-----------------+------------+-------------+-----------------+------+-------------+------+-----+----+------+-----+---------+--------------------------------------------------------------------------------------------------------------+
* Clock Loads column represents cell count of net connects that connect to a clock pin. Internal cell leaf pins are not considered
** Non-Clock Loads column represents cell count of non-clock pin loads
*** Columns FF, LUTRAM, RAMB through 'Hard IP' represents load cell counts


19. Clock Region Cell Placement per Global Clock: Region X0Y2
-------------------------------------------------------------

+-----------+-------+-----------------+------------+-------------+-----------------+------+-------------+------+-----+----+------+-----+---------+---------------------------------------------------------------------------------------------------------+
| Global Id | Track | Driver Type/Pin | Constraint | Clock Loads | Non-Clock Loads | FF   | Memory LUTs | RAMB | DSP | GT | MMCM | PLL | Hard IP | Net                                                                                                     |
+-----------+-------+-----------------+------------+-------------+-----------------+------+-------------+------+-----+----+------+-----+---------+---------------------------------------------------------------------------------------------------------+
| g0        | n/a   | BUFG/O          | None       |        5638 |               0 | 5638 |           0 |    0 |   0 |  0 |    0 |   0 |       0 | i_platform/i_pll0/i_xilinx_clock_pll_0/inst/clk_100000000                                               |
| g1        | n/a   | BUFG/O          | None       |         285 |               0 |  285 |           0 |    0 |   0 |  0 |    0 |   0 |       0 | i_platform/i_system_ddr/u_xilinx_ddr3_ctrl_axi32/u_xilinx_ddr3_ctrl_axi32_mig/u_ddr3_infrastructure/CLK |
| g7        | n/a   | BUFG/O          | None       |           0 |            5612 | 5612 |           0 |    0 |   0 |  0 |    0 |   0 |       0 | i_platform/i_rtl/platform_controller/i_rvx_instance_1/rvx_signal_13_reg[4]_0_BUFG                       |
+-----------+-------+-----------------+------------+-------------+-----------------+------+-------------+------+-----+----+------+-----+---------+---------------------------------------------------------------------------------------------------------+
* Clock Loads column represents cell count of net connects that connect to a clock pin. Internal cell leaf pins are not considered
** Non-Clock Loads column represents cell count of non-clock pin loads
*** Columns FF, LUTRAM, RAMB through 'Hard IP' represents load cell counts


20. Clock Region Cell Placement per Global Clock: Region X1Y2
-------------------------------------------------------------

+-----------+-------+-----------------+------------+-------------+-----------------+------+-------------+------+-----+----+------+-----+---------+---------------------------------------------------------------------------------------------------------+
| Global Id | Track | Driver Type/Pin | Constraint | Clock Loads | Non-Clock Loads | FF   | Memory LUTs | RAMB | DSP | GT | MMCM | PLL | Hard IP | Net                                                                                                     |
+-----------+-------+-----------------+------------+-------------+-----------------+------+-------------+------+-----+----+------+-----+---------+---------------------------------------------------------------------------------------------------------+
| g0        | n/a   | BUFG/O          | None       |        3500 |               0 | 3500 |           0 |    0 |   0 |  0 |    0 |   0 |       0 | i_platform/i_pll0/i_xilinx_clock_pll_0/inst/clk_100000000                                               |
| g1        | n/a   | BUFG/O          | None       |        2007 |               0 | 1690 |         268 |    0 |   0 |  0 |    0 |   0 |       0 | i_platform/i_system_ddr/u_xilinx_ddr3_ctrl_axi32/u_xilinx_ddr3_ctrl_axi32_mig/u_ddr3_infrastructure/CLK |
| g3        | n/a   | BUFG/O          | None       |           1 |               0 |    0 |           0 |    0 |   0 |  0 |    0 |   0 |       0 | i_platform/i_pll0/i_xilinx_clock_pll_0/inst/clk_200000000                                               |
| g7        | n/a   | BUFG/O          | None       |           0 |            3500 | 3500 |           0 |    0 |   0 |  0 |    0 |   0 |       0 | i_platform/i_rtl/platform_controller/i_rvx_instance_1/rvx_signal_13_reg[4]_0_BUFG                       |
+-----------+-------+-----------------+------------+-------------+-----------------+------+-------------+------+-----+----+------+-----+---------+---------------------------------------------------------------------------------------------------------+
* Clock Loads column represents cell count of net connects that connect to a clock pin. Internal cell leaf pins are not considered
** Non-Clock Loads column represents cell count of non-clock pin loads
*** Columns FF, LUTRAM, RAMB through 'Hard IP' represents load cell counts


21. Clock Region Cell Placement per Global Clock: Region X0Y3
-------------------------------------------------------------

+-----------+-------+-----------------+------------+-------------+-----------------+------+-------------+------+-----+----+------+-----+---------+---------------------------------------------------------------------------------------------------------+
| Global Id | Track | Driver Type/Pin | Constraint | Clock Loads | Non-Clock Loads | FF   | Memory LUTs | RAMB | DSP | GT | MMCM | PLL | Hard IP | Net                                                                                                     |
+-----------+-------+-----------------+------------+-------------+-----------------+------+-------------+------+-----+----+------+-----+---------+---------------------------------------------------------------------------------------------------------+
| g0        | n/a   | BUFG/O          | None       |        2745 |               0 | 2745 |           0 |    0 |   0 |  0 |    0 |   0 |       0 | i_platform/i_pll0/i_xilinx_clock_pll_0/inst/clk_100000000                                               |
| g1        | n/a   | BUFG/O          | None       |         160 |               0 |  152 |           0 |    5 |   0 |  0 |    0 |   0 |       0 | i_platform/i_system_ddr/u_xilinx_ddr3_ctrl_axi32/u_xilinx_ddr3_ctrl_axi32_mig/u_ddr3_infrastructure/CLK |
| g7        | n/a   | BUFG/O          | None       |           0 |            2745 | 2745 |           0 |    0 |   0 |  0 |    0 |   0 |       0 | i_platform/i_rtl/platform_controller/i_rvx_instance_1/rvx_signal_13_reg[4]_0_BUFG                       |
+-----------+-------+-----------------+------------+-------------+-----------------+------+-------------+------+-----+----+------+-----+---------+---------------------------------------------------------------------------------------------------------+
* Clock Loads column represents cell count of net connects that connect to a clock pin. Internal cell leaf pins are not considered
** Non-Clock Loads column represents cell count of non-clock pin loads
*** Columns FF, LUTRAM, RAMB through 'Hard IP' represents load cell counts


22. Clock Region Cell Placement per Global Clock: Region X1Y3
-------------------------------------------------------------

+-----------+-------+-----------------+------------+-------------+-----------------+------+-------------+------+-----+----+------+-----+---------+---------------------------------------------------------------------------------------------------------+
| Global Id | Track | Driver Type/Pin | Constraint | Clock Loads | Non-Clock Loads | FF   | Memory LUTs | RAMB | DSP | GT | MMCM | PLL | Hard IP | Net                                                                                                     |
+-----------+-------+-----------------+------------+-------------+-----------------+------+-------------+------+-----+----+------+-----+---------+---------------------------------------------------------------------------------------------------------+
| g0        | n/a   | BUFG/O          | None       |        1087 |               0 | 1087 |           0 |    0 |   0 |  0 |    0 |   0 |       0 | i_platform/i_pll0/i_xilinx_clock_pll_0/inst/clk_100000000                                               |
| g1        | n/a   | BUFG/O          | None       |        3228 |               0 | 3219 |           9 |    0 |   0 |  0 |    0 |   0 |       0 | i_platform/i_system_ddr/u_xilinx_ddr3_ctrl_axi32/u_xilinx_ddr3_ctrl_axi32_mig/u_ddr3_infrastructure/CLK |
| g7        | n/a   | BUFG/O          | None       |           0 |            1087 | 1087 |           0 |    0 |   0 |  0 |    0 |   0 |       0 | i_platform/i_rtl/platform_controller/i_rvx_instance_1/rvx_signal_13_reg[4]_0_BUFG                       |
+-----------+-------+-----------------+------------+-------------+-----------------+------+-------------+------+-----+----+------+-----+---------+---------------------------------------------------------------------------------------------------------+
* Clock Loads column represents cell count of net connects that connect to a clock pin. Internal cell leaf pins are not considered
** Non-Clock Loads column represents cell count of non-clock pin loads
*** Columns FF, LUTRAM, RAMB through 'Hard IP' represents load cell counts


23. Clock Region Cell Placement per Global Clock: Region X0Y4
-------------------------------------------------------------

+-----------+-------+-----------------+------------+-------------+-----------------+-----+-------------+------+-----+----+------+-----+---------+---------------------------------------------------------------------------------------------------------+
| Global Id | Track | Driver Type/Pin | Constraint | Clock Loads | Non-Clock Loads | FF  | Memory LUTs | RAMB | DSP | GT | MMCM | PLL | Hard IP | Net                                                                                                     |
+-----------+-------+-----------------+------------+-------------+-----------------+-----+-------------+------+-----+----+------+-----+---------+---------------------------------------------------------------------------------------------------------+
| g0        | n/a   | BUFG/O          | None       |         600 |               0 | 600 |           0 |    0 |   0 |  0 |    0 |   0 |       0 | i_platform/i_pll0/i_xilinx_clock_pll_0/inst/clk_100000000                                               |
| g1        | n/a   | BUFG/O          | None       |         377 |               0 | 353 |           0 |   11 |   0 |  0 |    0 |   0 |       0 | i_platform/i_system_ddr/u_xilinx_ddr3_ctrl_axi32/u_xilinx_ddr3_ctrl_axi32_mig/u_ddr3_infrastructure/CLK |
| g3        | n/a   | BUFG/O          | None       |           8 |               0 |   8 |           0 |    0 |   0 |  0 |    0 |   0 |       0 | i_platform/i_pll0/i_xilinx_clock_pll_0/inst/clk_200000000                                               |
| g7        | n/a   | BUFG/O          | None       |           0 |             600 | 600 |           0 |    0 |   0 |  0 |    0 |   0 |       0 | i_platform/i_rtl/platform_controller/i_rvx_instance_1/rvx_signal_13_reg[4]_0_BUFG                       |
+-----------+-------+-----------------+------------+-------------+-----------------+-----+-------------+------+-----+----+------+-----+---------+---------------------------------------------------------------------------------------------------------+
* Clock Loads column represents cell count of net connects that connect to a clock pin. Internal cell leaf pins are not considered
** Non-Clock Loads column represents cell count of non-clock pin loads
*** Columns FF, LUTRAM, RAMB through 'Hard IP' represents load cell counts


24. Clock Region Cell Placement per Global Clock: Region X1Y4
-------------------------------------------------------------

+-----------+-------+-----------------+------------+-------------+-----------------+------+-------------+------+-----+----+------+-----+---------+---------------------------------------------------------------------------------------------------------+
| Global Id | Track | Driver Type/Pin | Constraint | Clock Loads | Non-Clock Loads | FF   | Memory LUTs | RAMB | DSP | GT | MMCM | PLL | Hard IP | Net                                                                                                     |
+-----------+-------+-----------------+------------+-------------+-----------------+------+-------------+------+-----+----+------+-----+---------+---------------------------------------------------------------------------------------------------------+
| g0        | n/a   | BUFG/O          | None       |          64 |               0 |   64 |           0 |    0 |   0 |  0 |    0 |   0 |       0 | i_platform/i_pll0/i_xilinx_clock_pll_0/inst/clk_100000000                                               |
| g1        | n/a   | BUFG/O          | None       |        1387 |               0 | 1383 |           4 |    0 |   0 |  0 |    0 |   0 |       0 | i_platform/i_system_ddr/u_xilinx_ddr3_ctrl_axi32/u_xilinx_ddr3_ctrl_axi32_mig/u_ddr3_infrastructure/CLK |
| g3        | n/a   | BUFG/O          | None       |           7 |               0 |    7 |           0 |    0 |   0 |  0 |    0 |   0 |       0 | i_platform/i_pll0/i_xilinx_clock_pll_0/inst/clk_200000000                                               |
| g7        | n/a   | BUFG/O          | None       |           0 |              64 |   64 |           0 |    0 |   0 |  0 |    0 |   0 |       0 | i_platform/i_rtl/platform_controller/i_rvx_instance_1/rvx_signal_13_reg[4]_0_BUFG                       |
+-----------+-------+-----------------+------------+-------------+-----------------+------+-------------+------+-----+----+------+-----+---------+---------------------------------------------------------------------------------------------------------+
* Clock Loads column represents cell count of net connects that connect to a clock pin. Internal cell leaf pins are not considered
** Non-Clock Loads column represents cell count of non-clock pin loads
*** Columns FF, LUTRAM, RAMB through 'Hard IP' represents load cell counts



# Location of BUFG Primitives 
set_property LOC BUFGCTRL_X0Y4 [get_cells pjtag_rtck_IBUF_BUFG_inst]
set_property LOC BUFGCTRL_X0Y0 [get_cells i_platform/i_system_ddr/u_xilinx_ddr3_ctrl_axi32/u_xilinx_ddr3_ctrl_axi32_mig/u_ddr3_infrastructure/u_bufg_clkdiv0]
set_property LOC BUFGCTRL_X0Y3 [get_cells i_platform/i_rtl/platform_controller/i_rvx_instance_1/rvx_signal_13_reg[4]_0_BUFG_inst]
set_property LOC BUFGCTRL_X0Y5 [get_cells i_platform/i_pll0/i_xilinx_clock_pll_0/inst/clkf_buf]
set_property LOC BUFGCTRL_X0Y6 [get_cells i_platform/i_pll0/i_xilinx_clock_pll_0/inst/clkin1_bufg1]
set_property LOC BUFGCTRL_X0Y1 [get_cells i_platform/i_pll0/i_xilinx_clock_pll_0/inst/clkout2_buf]
set_property LOC BUFGCTRL_X0Y2 [get_cells i_platform/i_pll0/i_xilinx_clock_pll_0/inst/clkout1_buf]

# Location of BUFH Primitives 
set_property LOC BUFHCE_X1Y12 [get_cells i_platform/i_system_ddr/u_xilinx_ddr3_ctrl_axi32/u_xilinx_ddr3_ctrl_axi32_mig/u_ddr3_infrastructure/u_bufh_pll_clk3]

# Location of IO Primitives which is load of clock spine

# Location of clock ports
set_property LOC IOB_X1Y76 [get_ports external_clk_0]
set_property LOC IOB_X1Y75 [get_ports external_clk_0_pair]
set_property LOC IOB_X0Y63 [get_ports pjtag_rtck]

# Clock net "pjtag_rtck_IBUF_BUFG" driven by instance "pjtag_rtck_IBUF_BUFG_inst" located at site "BUFGCTRL_X0Y4"
#startgroup
create_pblock {CLKAG_pjtag_rtck_IBUF_BUFG}
add_cells_to_pblock [get_pblocks  {CLKAG_pjtag_rtck_IBUF_BUFG}] [get_cells -filter { PRIMITIVE_GROUP != I/O && IS_PRIMITIVE==1 && PRIMITIVE_LEVEL !=INTERNAL } -of_object [get_pins -filter {DIRECTION==IN} -of_objects [get_nets -hierarchical -filter {PARENT=="pjtag_rtck_IBUF_BUFG"}]]]
resize_pblock [get_pblocks {CLKAG_pjtag_rtck_IBUF_BUFG}] -add {CLOCKREGION_X0Y0:CLOCKREGION_X0Y0}
#endgroup

# Clock net "i_platform/i_system_ddr/u_xilinx_ddr3_ctrl_axi32/u_xilinx_ddr3_ctrl_axi32_mig/u_ddr3_infrastructure/CLK" driven by instance "i_platform/i_system_ddr/u_xilinx_ddr3_ctrl_axi32/u_xilinx_ddr3_ctrl_axi32_mig/u_ddr3_infrastructure/u_bufg_clkdiv0" located at site "BUFGCTRL_X0Y0"
#startgroup
create_pblock {CLKAG_i_platform/i_system_ddr/u_xilinx_ddr3_ctrl_axi32/u_xilinx_ddr3_ctrl_axi32_mig/u_ddr3_infrastructure/CLK}
add_cells_to_pblock [get_pblocks  {CLKAG_i_platform/i_system_ddr/u_xilinx_ddr3_ctrl_axi32/u_xilinx_ddr3_ctrl_axi32_mig/u_ddr3_infrastructure/CLK}] [get_cells -filter { PRIMITIVE_GROUP != I/O && IS_PRIMITIVE==1 && PRIMITIVE_LEVEL !=INTERNAL && NAME!=i_platform/i_system_ddr/u_xilinx_ddr3_ctrl_axi32/u_xilinx_ddr3_ctrl_axi32_mig/u_ddr3_infrastructure/gen_mmcm.mmcm_i} -of_object [get_pins -filter {DIRECTION==IN} -of_objects [get_nets -hierarchical -filter {PARENT=="i_platform/i_system_ddr/u_xilinx_ddr3_ctrl_axi32/u_xilinx_ddr3_ctrl_axi32_mig/u_ddr3_infrastructure/CLK"}]]]
resize_pblock [get_pblocks {CLKAG_i_platform/i_system_ddr/u_xilinx_ddr3_ctrl_axi32/u_xilinx_ddr3_ctrl_axi32_mig/u_ddr3_infrastructure/CLK}] -add {CLOCKREGION_X0Y0:CLOCKREGION_X0Y0 CLOCKREGION_X0Y1:CLOCKREGION_X0Y1 CLOCKREGION_X0Y2:CLOCKREGION_X0Y2 CLOCKREGION_X0Y3:CLOCKREGION_X0Y3 CLOCKREGION_X0Y4:CLOCKREGION_X0Y4 CLOCKREGION_X1Y0:CLOCKREGION_X1Y0 CLOCKREGION_X1Y1:CLOCKREGION_X1Y1 CLOCKREGION_X1Y2:CLOCKREGION_X1Y2 CLOCKREGION_X1Y3:CLOCKREGION_X1Y3 CLOCKREGION_X1Y4:CLOCKREGION_X1Y4}
#endgroup

# Clock net "i_platform/i_rtl/platform_controller/i_rvx_instance_1/rvx_signal_13_reg[4]_0_BUFG" driven by instance "i_platform/i_rtl/platform_controller/i_rvx_instance_1/rvx_signal_13_reg[4]_0_BUFG_inst" located at site "BUFGCTRL_X0Y3"
#startgroup
create_pblock {CLKAG_i_platform/i_rtl/platform_controller/i_rvx_instance_1/rvx_signal_13_reg[4]_0_BUFG}
add_cells_to_pblock [get_pblocks  {CLKAG_i_platform/i_rtl/platform_controller/i_rvx_instance_1/rvx_signal_13_reg[4]_0_BUFG}] [get_cells -filter { PRIMITIVE_GROUP != I/O && IS_PRIMITIVE==1 && PRIMITIVE_LEVEL !=INTERNAL } -of_object [get_pins -filter {DIRECTION==IN} -of_objects [get_nets -hierarchical -filter {PARENT=="i_platform/i_rtl/platform_controller/i_rvx_instance_1/rvx_signal_13_reg[4]_0_BUFG"}]]]
resize_pblock [get_pblocks {CLKAG_i_platform/i_rtl/platform_controller/i_rvx_instance_1/rvx_signal_13_reg[4]_0_BUFG}] -add {CLOCKREGION_X0Y0:CLOCKREGION_X0Y0 CLOCKREGION_X0Y1:CLOCKREGION_X0Y1 CLOCKREGION_X0Y2:CLOCKREGION_X0Y2 CLOCKREGION_X0Y3:CLOCKREGION_X0Y3 CLOCKREGION_X0Y4:CLOCKREGION_X0Y4 CLOCKREGION_X1Y0:CLOCKREGION_X1Y0 CLOCKREGION_X1Y1:CLOCKREGION_X1Y1 CLOCKREGION_X1Y2:CLOCKREGION_X1Y2 CLOCKREGION_X1Y3:CLOCKREGION_X1Y3 CLOCKREGION_X1Y4:CLOCKREGION_X1Y4}
#endgroup

# Clock net "i_platform/i_pll0/i_xilinx_clock_pll_0/inst/clk_200000000" driven by instance "i_platform/i_pll0/i_xilinx_clock_pll_0/inst/clkout2_buf" located at site "BUFGCTRL_X0Y1"
#startgroup
create_pblock {CLKAG_i_platform/i_pll0/i_xilinx_clock_pll_0/inst/clk_200000000}
add_cells_to_pblock [get_pblocks  {CLKAG_i_platform/i_pll0/i_xilinx_clock_pll_0/inst/clk_200000000}] [get_cells -filter { PRIMITIVE_GROUP != I/O && IS_PRIMITIVE==1 && PRIMITIVE_LEVEL !=INTERNAL && NAME!=i_platform/i_system_ddr/u_xilinx_ddr3_ctrl_axi32/u_xilinx_ddr3_ctrl_axi32_mig/u_ddr3_infrastructure/plle2_i} -of_object [get_pins -filter {DIRECTION==IN} -of_objects [get_nets -hierarchical -filter {PARENT=="i_platform/i_pll0/i_xilinx_clock_pll_0/inst/clk_200000000"}]]]
resize_pblock [get_pblocks {CLKAG_i_platform/i_pll0/i_xilinx_clock_pll_0/inst/clk_200000000}] -add {CLOCKREGION_X0Y4:CLOCKREGION_X0Y4 CLOCKREGION_X1Y2:CLOCKREGION_X1Y2 CLOCKREGION_X1Y4:CLOCKREGION_X1Y4}
#endgroup

# Clock net "i_platform/i_pll0/i_xilinx_clock_pll_0/inst/clk_100000000" driven by instance "i_platform/i_pll0/i_xilinx_clock_pll_0/inst/clkout1_buf" located at site "BUFGCTRL_X0Y2"
#startgroup
create_pblock {CLKAG_i_platform/i_pll0/i_xilinx_clock_pll_0/inst/clk_100000000}
add_cells_to_pblock [get_pblocks  {CLKAG_i_platform/i_pll0/i_xilinx_clock_pll_0/inst/clk_100000000}] [get_cells -filter { PRIMITIVE_GROUP != I/O && IS_PRIMITIVE==1 && PRIMITIVE_LEVEL !=INTERNAL } -of_object [get_pins -filter {DIRECTION==IN} -of_objects [get_nets -hierarchical -filter {PARENT=="i_platform/i_pll0/i_xilinx_clock_pll_0/inst/clk_100000000"}]]]
resize_pblock [get_pblocks {CLKAG_i_platform/i_pll0/i_xilinx_clock_pll_0/inst/clk_100000000}] -add {CLOCKREGION_X0Y0:CLOCKREGION_X0Y0 CLOCKREGION_X0Y1:CLOCKREGION_X0Y1 CLOCKREGION_X0Y2:CLOCKREGION_X0Y2 CLOCKREGION_X0Y3:CLOCKREGION_X0Y3 CLOCKREGION_X0Y4:CLOCKREGION_X0Y4 CLOCKREGION_X1Y0:CLOCKREGION_X1Y0 CLOCKREGION_X1Y1:CLOCKREGION_X1Y1 CLOCKREGION_X1Y2:CLOCKREGION_X1Y2 CLOCKREGION_X1Y3:CLOCKREGION_X1Y3 CLOCKREGION_X1Y4:CLOCKREGION_X1Y4}
#endgroup
