WARNING: [Synth 8-10940] macro 'MUNOC_LDEF_2' is redefined [/home/kshan/rvx_repos/npx-fpga-sdk/rvx_hwlib/munoc/src/munoc_module_02.v:129]
WARNING: [Synth 8-10940] macro 'MUNOC_LDEF_4' is redefined [/home/kshan/rvx_repos/npx-fpga-sdk/rvx_hwlib/munoc/src/munoc_module_02.v:130]
WARNING: [Synth 8-10940] macro 'MUNOC_LDEF_1' is redefined [/home/kshan/rvx_repos/npx-fpga-sdk/rvx_hwlib/munoc/src/munoc_module_02.v:131]
WARNING: [Synth 8-10940] macro 'MUNOC_LDEF_0' is redefined [/home/kshan/rvx_repos/npx-fpga-sdk/rvx_hwlib/munoc/src/munoc_module_02.v:133]
WARNING: [Synth 8-6014] Unused sequential element munoc_signal_02_reg was removed.  [/home/kshan/rvx_repos/npx-fpga-sdk/rvx_hwlib/munoc/src/munoc_module_16.v:464]
WARNING: [Synth 8-6014] Unused sequential element munoc_signal_02_reg was removed.  [/home/kshan/rvx_repos/npx-fpga-sdk/rvx_hwlib/munoc/src/munoc_module_16.v:464]
WARNING: [Synth 8-6014] Unused sequential element munoc_signal_61_reg was removed.  [/home/kshan/rvx_repos/npx-fpga-sdk/rvx_hwlib/munoc/src/munoc_module_20.v:347]
WARNING: [Synth 8-6014] Unused sequential element munoc_signal_28_reg was removed.  [/home/kshan/rvx_repos/npx-fpga-sdk/rvx_hwlib/munoc/src/munoc_module_20.v:348]
WARNING: [Synth 8-6014] Unused sequential element munoc_signal_48_reg was removed.  [/home/kshan/rvx_repos/npx-fpga-sdk/rvx_hwlib/munoc/src/munoc_module_20.v:425]
WARNING: [Synth 8-6014] Unused sequential element munoc_signal_19_reg was removed.  [/home/kshan/rvx_repos/npx-fpga-sdk/rvx_hwlib/munoc/src/munoc_module_20.v:426]
WARNING: [Synth 8-6014] Unused sequential element munoc_signal_02_reg was removed.  [/home/kshan/rvx_repos/npx-fpga-sdk/rvx_hwlib/munoc/src/munoc_module_16.v:464]
WARNING: [Vivado 12-584] No ports matched 'boot_mode[1]'. [/home/kshan/rvx_repos/npx-tutorials/rvx_install/mini_git/imp_class_info/genesys2/pinmap/boot_mode.xdc:22]
WARNING: [Vivado 12-584] No ports matched 'spi_flash_sdq[2]'. [/home/kshan/rvx_repos/npx-tutorials/rvx_install/mini_git/imp_class_info/genesys2/pinmap/spi_flash.xdc:25]
WARNING: [Vivado 12-584] No ports matched 'spi_flash_sdq[3]'. [/home/kshan/rvx_repos/npx-tutorials/rvx_install/mini_git/imp_class_info/genesys2/pinmap/spi_flash.xdc:26]
WARNING: [Vivado 12-584] No ports matched 'oled_scs'. [/home/kshan/rvx_repos/npx-tutorials/rvx_install/mini_git/imp_class_info/genesys2/pinmap/oled_rgb.xdc:22]
WARNING: [Vivado 12-584] No ports matched 'oled_sdq0'. [/home/kshan/rvx_repos/npx-tutorials/rvx_install/mini_git/imp_class_info/genesys2/pinmap/oled_rgb.xdc:23]
WARNING: [Vivado 12-584] No ports matched 'oled_sdq1'. [/home/kshan/rvx_repos/npx-tutorials/rvx_install/mini_git/imp_class_info/genesys2/pinmap/oled_rgb.xdc:24]
WARNING: [Vivado 12-584] No ports matched 'oled_sclk'. [/home/kshan/rvx_repos/npx-tutorials/rvx_install/mini_git/imp_class_info/genesys2/pinmap/oled_rgb.xdc:25]
WARNING: [Vivado 12-584] No ports matched 'oled_sdcsel'. [/home/kshan/rvx_repos/npx-tutorials/rvx_install/mini_git/imp_class_info/genesys2/pinmap/oled_rgb.xdc:27]
WARNING: [Vivado 12-584] No ports matched 'oled_srstnn'. [/home/kshan/rvx_repos/npx-tutorials/rvx_install/mini_git/imp_class_info/genesys2/pinmap/oled_rgb.xdc:28]
WARNING: [Vivado 12-584] No ports matched 'oled_svbat'. [/home/kshan/rvx_repos/npx-tutorials/rvx_install/mini_git/imp_class_info/genesys2/pinmap/oled_rgb.xdc:29]
WARNING: [Vivado 12-584] No ports matched 'oled_svdd'. [/home/kshan/rvx_repos/npx-tutorials/rvx_install/mini_git/imp_class_info/genesys2/pinmap/oled_rgb.xdc:30]
WARNING: [Vivado 12-584] No ports matched 'oled_bw_sclk'. [/home/kshan/rvx_repos/npx-tutorials/rvx_install/mini_git/imp_class_info/genesys2/pinmap/oled_bw_on_board.xdc:22]
WARNING: [Vivado 12-584] No ports matched 'oled_bw_sdin'. [/home/kshan/rvx_repos/npx-tutorials/rvx_install/mini_git/imp_class_info/genesys2/pinmap/oled_bw_on_board.xdc:23]
WARNING: [Vivado 12-584] No ports matched 'oled_bw_dc'. [/home/kshan/rvx_repos/npx-tutorials/rvx_install/mini_git/imp_class_info/genesys2/pinmap/oled_bw_on_board.xdc:25]
WARNING: [Vivado 12-584] No ports matched 'oled_bw_res'. [/home/kshan/rvx_repos/npx-tutorials/rvx_install/mini_git/imp_class_info/genesys2/pinmap/oled_bw_on_board.xdc:26]
WARNING: [Vivado 12-584] No ports matched 'oled_bw_vbat'. [/home/kshan/rvx_repos/npx-tutorials/rvx_install/mini_git/imp_class_info/genesys2/pinmap/oled_bw_on_board.xdc:27]
WARNING: [Vivado 12-584] No ports matched 'oled_bw_vdd'. [/home/kshan/rvx_repos/npx-tutorials/rvx_install/mini_git/imp_class_info/genesys2/pinmap/oled_bw_on_board.xdc:28]
WARNING: [Synth 8-10940] macro 'MUNOC_LDEF_2' is redefined [/home/kshan/rvx_repos/npx-fpga-sdk/rvx_hwlib/munoc/src/munoc_module_02.v:129]
WARNING: [Synth 8-10940] macro 'MUNOC_LDEF_4' is redefined [/home/kshan/rvx_repos/npx-fpga-sdk/rvx_hwlib/munoc/src/munoc_module_02.v:130]
WARNING: [Synth 8-10940] macro 'MUNOC_LDEF_1' is redefined [/home/kshan/rvx_repos/npx-fpga-sdk/rvx_hwlib/munoc/src/munoc_module_02.v:131]
WARNING: [Synth 8-10940] macro 'MUNOC_LDEF_0' is redefined [/home/kshan/rvx_repos/npx-fpga-sdk/rvx_hwlib/munoc/src/munoc_module_02.v:133]
WARNING: [Synth 8-6014] Unused sequential element munoc_signal_02_reg was removed.  [/home/kshan/rvx_repos/npx-fpga-sdk/rvx_hwlib/munoc/src/munoc_module_16.v:464]
WARNING: [Synth 8-6014] Unused sequential element munoc_signal_02_reg was removed.  [/home/kshan/rvx_repos/npx-fpga-sdk/rvx_hwlib/munoc/src/munoc_module_16.v:464]
WARNING: [Synth 8-6014] Unused sequential element munoc_signal_61_reg was removed.  [/home/kshan/rvx_repos/npx-fpga-sdk/rvx_hwlib/munoc/src/munoc_module_20.v:347]
WARNING: [Synth 8-6014] Unused sequential element munoc_signal_28_reg was removed.  [/home/kshan/rvx_repos/npx-fpga-sdk/rvx_hwlib/munoc/src/munoc_module_20.v:348]
WARNING: [Synth 8-6014] Unused sequential element munoc_signal_48_reg was removed.  [/home/kshan/rvx_repos/npx-fpga-sdk/rvx_hwlib/munoc/src/munoc_module_20.v:425]
WARNING: [Synth 8-6014] Unused sequential element munoc_signal_19_reg was removed.  [/home/kshan/rvx_repos/npx-fpga-sdk/rvx_hwlib/munoc/src/munoc_module_20.v:426]
WARNING: [Synth 8-6014] Unused sequential element munoc_signal_02_reg was removed.  [/home/kshan/rvx_repos/npx-fpga-sdk/rvx_hwlib/munoc/src/munoc_module_16.v:464]
WARNING: [Vivado 12-584] No ports matched 'boot_mode[1]'. [/home/kshan/rvx_repos/npx-tutorials/rvx_install/mini_git/imp_class_info/genesys2/pinmap/boot_mode.xdc:22]
WARNING: [Project 1-498] One or more constraints failed evaluation while reading constraint file [/home/kshan/rvx_repos/npx-tutorials/rvx_install/mini_git/imp_class_info/genesys2/pinmap/boot_mode.xdc] and the design contains unresolved black boxes. These constraints will be read post-synthesis (as long as their source constraint file is marked as used_in_implementation) and should be applied correctly then. You should review the constraints listed in the file [.Xil/STARC_VERA1_FPGA_propImpl.xdc] and check the run log file to verify that these constraints were correctly applied.
WARNING: [Constraints 18-619] A clock with name 'external_clk_0' already exists, overwriting the previous clock with the same name. [/home/kshan/rvx_repos/npx-tutorials/rvx_install/mini_git/imp_class_info/genesys2/pinmap/clk_and_rst.xdc:31]
WARNING: [Vivado 12-584] No ports matched 'spi_flash_sdq[2]'. [/home/kshan/rvx_repos/npx-tutorials/rvx_install/mini_git/imp_class_info/genesys2/pinmap/spi_flash.xdc:25]
WARNING: [Vivado 12-584] No ports matched 'spi_flash_sdq[3]'. [/home/kshan/rvx_repos/npx-tutorials/rvx_install/mini_git/imp_class_info/genesys2/pinmap/spi_flash.xdc:26]
WARNING: [Project 1-498] One or more constraints failed evaluation while reading constraint file [/home/kshan/rvx_repos/npx-tutorials/rvx_install/mini_git/imp_class_info/genesys2/pinmap/spi_flash.xdc] and the design contains unresolved black boxes. These constraints will be read post-synthesis (as long as their source constraint file is marked as used_in_implementation) and should be applied correctly then. You should review the constraints listed in the file [.Xil/STARC_VERA1_FPGA_propImpl.xdc] and check the run log file to verify that these constraints were correctly applied.
WARNING: [Vivado 12-584] No ports matched 'oled_scs'. [/home/kshan/rvx_repos/npx-tutorials/rvx_install/mini_git/imp_class_info/genesys2/pinmap/oled_rgb.xdc:22]
WARNING: [Vivado 12-584] No ports matched 'oled_sdq0'. [/home/kshan/rvx_repos/npx-tutorials/rvx_install/mini_git/imp_class_info/genesys2/pinmap/oled_rgb.xdc:23]
WARNING: [Vivado 12-584] No ports matched 'oled_sdq1'. [/home/kshan/rvx_repos/npx-tutorials/rvx_install/mini_git/imp_class_info/genesys2/pinmap/oled_rgb.xdc:24]
WARNING: [Vivado 12-584] No ports matched 'oled_sclk'. [/home/kshan/rvx_repos/npx-tutorials/rvx_install/mini_git/imp_class_info/genesys2/pinmap/oled_rgb.xdc:25]
WARNING: [Vivado 12-584] No ports matched 'oled_sdcsel'. [/home/kshan/rvx_repos/npx-tutorials/rvx_install/mini_git/imp_class_info/genesys2/pinmap/oled_rgb.xdc:27]
WARNING: [Vivado 12-584] No ports matched 'oled_srstnn'. [/home/kshan/rvx_repos/npx-tutorials/rvx_install/mini_git/imp_class_info/genesys2/pinmap/oled_rgb.xdc:28]
WARNING: [Vivado 12-584] No ports matched 'oled_svbat'. [/home/kshan/rvx_repos/npx-tutorials/rvx_install/mini_git/imp_class_info/genesys2/pinmap/oled_rgb.xdc:29]
WARNING: [Vivado 12-584] No ports matched 'oled_svdd'. [/home/kshan/rvx_repos/npx-tutorials/rvx_install/mini_git/imp_class_info/genesys2/pinmap/oled_rgb.xdc:30]
WARNING: [Project 1-498] One or more constraints failed evaluation while reading constraint file [/home/kshan/rvx_repos/npx-tutorials/rvx_install/mini_git/imp_class_info/genesys2/pinmap/oled_rgb.xdc] and the design contains unresolved black boxes. These constraints will be read post-synthesis (as long as their source constraint file is marked as used_in_implementation) and should be applied correctly then. You should review the constraints listed in the file [.Xil/STARC_VERA1_FPGA_propImpl.xdc] and check the run log file to verify that these constraints were correctly applied.
WARNING: [Vivado 12-584] No ports matched 'oled_bw_sclk'. [/home/kshan/rvx_repos/npx-tutorials/rvx_install/mini_git/imp_class_info/genesys2/pinmap/oled_bw_on_board.xdc:22]
WARNING: [Vivado 12-584] No ports matched 'oled_bw_sdin'. [/home/kshan/rvx_repos/npx-tutorials/rvx_install/mini_git/imp_class_info/genesys2/pinmap/oled_bw_on_board.xdc:23]
WARNING: [Vivado 12-584] No ports matched 'oled_bw_dc'. [/home/kshan/rvx_repos/npx-tutorials/rvx_install/mini_git/imp_class_info/genesys2/pinmap/oled_bw_on_board.xdc:25]
WARNING: [Vivado 12-584] No ports matched 'oled_bw_res'. [/home/kshan/rvx_repos/npx-tutorials/rvx_install/mini_git/imp_class_info/genesys2/pinmap/oled_bw_on_board.xdc:26]
WARNING: [Vivado 12-584] No ports matched 'oled_bw_vbat'. [/home/kshan/rvx_repos/npx-tutorials/rvx_install/mini_git/imp_class_info/genesys2/pinmap/oled_bw_on_board.xdc:27]
WARNING: [Vivado 12-584] No ports matched 'oled_bw_vdd'. [/home/kshan/rvx_repos/npx-tutorials/rvx_install/mini_git/imp_class_info/genesys2/pinmap/oled_bw_on_board.xdc:28]
WARNING: [Project 1-498] One or more constraints failed evaluation while reading constraint file [/home/kshan/rvx_repos/npx-tutorials/rvx_install/mini_git/imp_class_info/genesys2/pinmap/oled_bw_on_board.xdc] and the design contains unresolved black boxes. These constraints will be read post-synthesis (as long as their source constraint file is marked as used_in_implementation) and should be applied correctly then. You should review the constraints listed in the file [.Xil/STARC_VERA1_FPGA_propImpl.xdc] and check the run log file to verify that these constraints were correctly applied.
WARNING: [Synth 8-3332] Sequential element (i_munoc_instance_2/i_munoc_instance_1/i_munoc_instance_0/i_rvx_instance_1/FSM_onehot_rvx_signal_8_reg[2]) is unused and will be removed from module MUNOC_MODULE_20__parameterized0__1.
WARNING: [Synth 8-3332] Sequential element (i_munoc_instance_2/i_munoc_instance_1/i_munoc_instance_0/i_rvx_instance_1/FSM_onehot_rvx_signal_8_reg[1]) is unused and will be removed from module MUNOC_MODULE_20__parameterized0__1.
WARNING: [Synth 8-3332] Sequential element (i_munoc_instance_2/i_munoc_instance_1/i_munoc_instance_0/i_rvx_instance_1/FSM_onehot_rvx_signal_8_reg[0]) is unused and will be removed from module MUNOC_MODULE_20__parameterized0__1.
WARNING: [Synth 8-3332] Sequential element (i_munoc_instance_2/i_munoc_instance_1/i_munoc_instance_0/i_rvx_instance_1/FSM_onehot_rvx_signal_8_reg[2]) is unused and will be removed from module MUNOC_MODULE_20__parameterized0__2.
WARNING: [Synth 8-3332] Sequential element (i_munoc_instance_2/i_munoc_instance_1/i_munoc_instance_0/i_rvx_instance_1/FSM_onehot_rvx_signal_8_reg[1]) is unused and will be removed from module MUNOC_MODULE_20__parameterized0__2.
WARNING: [Synth 8-3332] Sequential element (i_munoc_instance_2/i_munoc_instance_1/i_munoc_instance_0/i_rvx_instance_1/FSM_onehot_rvx_signal_8_reg[0]) is unused and will be removed from module MUNOC_MODULE_20__parameterized0__2.
WARNING: [Synth 8-3332] Sequential element (i_munoc_instance_2/i_munoc_instance_1/i_munoc_instance_0/i_rvx_instance_1/FSM_onehot_rvx_signal_8_reg[2]) is unused and will be removed from module MUNOC_MODULE_20__parameterized0.
WARNING: [Synth 8-3332] Sequential element (i_munoc_instance_2/i_munoc_instance_1/i_munoc_instance_0/i_rvx_instance_1/FSM_onehot_rvx_signal_8_reg[1]) is unused and will be removed from module MUNOC_MODULE_20__parameterized0.
WARNING: [Synth 8-3332] Sequential element (i_munoc_instance_2/i_munoc_instance_1/i_munoc_instance_0/i_rvx_instance_1/FSM_onehot_rvx_signal_8_reg[0]) is unused and will be removed from module MUNOC_MODULE_20__parameterized0.
WARNING: [Synth 8-3332] Sequential element (i_munoc_instance_2/i_munoc_instance_1/i_munoc_instance_0/i_rvx_instance_1/FSM_onehot_rvx_signal_8_reg[2]) is unused and will be removed from module MUNOC_MODULE_20.
WARNING: [Synth 8-3332] Sequential element (i_munoc_instance_2/i_munoc_instance_1/i_munoc_instance_0/i_rvx_instance_1/FSM_onehot_rvx_signal_8_reg[1]) is unused and will be removed from module MUNOC_MODULE_20.
WARNING: [Synth 8-3332] Sequential element (i_munoc_instance_2/i_munoc_instance_1/i_munoc_instance_0/i_rvx_instance_1/FSM_onehot_rvx_signal_8_reg[0]) is unused and will be removed from module MUNOC_MODULE_20.
WARNING: [Synth 8-3332] Sequential element (i_munoc_instance_09/FSM_onehot_munoc_port_27_reg[1]) is unused and will be removed from module MUNOC_AXI_MASTER_NETWORK_INTERFACE_MODULE_ASYNCH__parameterized1.
WARNING: [Synth 8-3332] Sequential element (i_munoc_instance_09/FSM_onehot_munoc_port_27_reg[1]) is unused and will be removed from module MUNOC_AXI_MASTER_NETWORK_INTERFACE_MODULE_ASYNCH__parameterized0.
WARNING: [Vivado 12-584] No ports matched 'boot_mode[1]'. [/home/kshan/rvx_repos/npx-tutorials/rvx_install/mini_git/imp_class_info/genesys2/pinmap/boot_mode.xdc:22]
WARNING: [Constraints 18-619] A clock with name 'external_clk_0' already exists, overwriting the previous clock with the same name. [/home/kshan/rvx_repos/npx-tutorials/rvx_install/mini_git/imp_class_info/genesys2/pinmap/clk_and_rst.xdc:31]
WARNING: [Vivado 12-584] No ports matched 'spi_flash_sdq[2]'. [/home/kshan/rvx_repos/npx-tutorials/rvx_install/mini_git/imp_class_info/genesys2/pinmap/spi_flash.xdc:25]
WARNING: [Vivado 12-584] No ports matched 'spi_flash_sdq[3]'. [/home/kshan/rvx_repos/npx-tutorials/rvx_install/mini_git/imp_class_info/genesys2/pinmap/spi_flash.xdc:26]
WARNING: [Vivado 12-584] No ports matched 'oled_scs'. [/home/kshan/rvx_repos/npx-tutorials/rvx_install/mini_git/imp_class_info/genesys2/pinmap/oled_rgb.xdc:22]
WARNING: [Vivado 12-584] No ports matched 'oled_sdq0'. [/home/kshan/rvx_repos/npx-tutorials/rvx_install/mini_git/imp_class_info/genesys2/pinmap/oled_rgb.xdc:23]
WARNING: [Vivado 12-584] No ports matched 'oled_sdq1'. [/home/kshan/rvx_repos/npx-tutorials/rvx_install/mini_git/imp_class_info/genesys2/pinmap/oled_rgb.xdc:24]
WARNING: [Vivado 12-584] No ports matched 'oled_sclk'. [/home/kshan/rvx_repos/npx-tutorials/rvx_install/mini_git/imp_class_info/genesys2/pinmap/oled_rgb.xdc:25]
WARNING: [Vivado 12-584] No ports matched 'oled_sdcsel'. [/home/kshan/rvx_repos/npx-tutorials/rvx_install/mini_git/imp_class_info/genesys2/pinmap/oled_rgb.xdc:27]
WARNING: [Vivado 12-584] No ports matched 'oled_srstnn'. [/home/kshan/rvx_repos/npx-tutorials/rvx_install/mini_git/imp_class_info/genesys2/pinmap/oled_rgb.xdc:28]
WARNING: [Vivado 12-584] No ports matched 'oled_svbat'. [/home/kshan/rvx_repos/npx-tutorials/rvx_install/mini_git/imp_class_info/genesys2/pinmap/oled_rgb.xdc:29]
WARNING: [Vivado 12-584] No ports matched 'oled_svdd'. [/home/kshan/rvx_repos/npx-tutorials/rvx_install/mini_git/imp_class_info/genesys2/pinmap/oled_rgb.xdc:30]
WARNING: [Vivado 12-584] No ports matched 'oled_bw_sclk'. [/home/kshan/rvx_repos/npx-tutorials/rvx_install/mini_git/imp_class_info/genesys2/pinmap/oled_bw_on_board.xdc:22]
WARNING: [Vivado 12-584] No ports matched 'oled_bw_sdin'. [/home/kshan/rvx_repos/npx-tutorials/rvx_install/mini_git/imp_class_info/genesys2/pinmap/oled_bw_on_board.xdc:23]
WARNING: [Vivado 12-584] No ports matched 'oled_bw_dc'. [/home/kshan/rvx_repos/npx-tutorials/rvx_install/mini_git/imp_class_info/genesys2/pinmap/oled_bw_on_board.xdc:25]
WARNING: [Vivado 12-584] No ports matched 'oled_bw_res'. [/home/kshan/rvx_repos/npx-tutorials/rvx_install/mini_git/imp_class_info/genesys2/pinmap/oled_bw_on_board.xdc:26]
WARNING: [Vivado 12-584] No ports matched 'oled_bw_vbat'. [/home/kshan/rvx_repos/npx-tutorials/rvx_install/mini_git/imp_class_info/genesys2/pinmap/oled_bw_on_board.xdc:27]
WARNING: [Vivado 12-584] No ports matched 'oled_bw_vdd'. [/home/kshan/rvx_repos/npx-tutorials/rvx_install/mini_git/imp_class_info/genesys2/pinmap/oled_bw_on_board.xdc:28]