CRITICAL WARNING: [Synth 8-4442] BlackBox module \i_platform/i_system_ddr/u_xilinx_ddr3_ctrl_axi32  has unconnected pin device_temp_i[11]
CRITICAL WARNING: [Synth 8-4442] BlackBox module \i_platform/i_system_ddr/u_xilinx_ddr3_ctrl_axi32  has unconnected pin device_temp_i[10]
CRITICAL WARNING: [Synth 8-4442] BlackBox module \i_platform/i_system_ddr/u_xilinx_ddr3_ctrl_axi32  has unconnected pin device_temp_i[9]
CRITICAL WARNING: [Synth 8-4442] BlackBox module \i_platform/i_system_ddr/u_xilinx_ddr3_ctrl_axi32  has unconnected pin device_temp_i[8]
CRITICAL WARNING: [Synth 8-4442] BlackBox module \i_platform/i_system_ddr/u_xilinx_ddr3_ctrl_axi32  has unconnected pin device_temp_i[7]
CRITICAL WARNING: [Synth 8-4442] BlackBox module \i_platform/i_system_ddr/u_xilinx_ddr3_ctrl_axi32  has unconnected pin device_temp_i[6]
CRITICAL WARNING: [Synth 8-4442] BlackBox module \i_platform/i_system_ddr/u_xilinx_ddr3_ctrl_axi32  has unconnected pin device_temp_i[5]
CRITICAL WARNING: [Synth 8-4442] BlackBox module \i_platform/i_system_ddr/u_xilinx_ddr3_ctrl_axi32  has unconnected pin device_temp_i[4]
CRITICAL WARNING: [Synth 8-4442] BlackBox module \i_platform/i_system_ddr/u_xilinx_ddr3_ctrl_axi32  has unconnected pin device_temp_i[3]
CRITICAL WARNING: [Synth 8-4442] BlackBox module \i_platform/i_system_ddr/u_xilinx_ddr3_ctrl_axi32  has unconnected pin device_temp_i[2]
CRITICAL WARNING: [Synth 8-4442] BlackBox module \i_platform/i_system_ddr/u_xilinx_ddr3_ctrl_axi32  has unconnected pin device_temp_i[1]
CRITICAL WARNING: [Synth 8-4442] BlackBox module \i_platform/i_system_ddr/u_xilinx_ddr3_ctrl_axi32  has unconnected pin device_temp_i[0]
CRITICAL WARNING: [Common 17-55] 'set_property' expects at least one object. [/home/kshan/rvx_repos/npx-tutorials/rvx_install/mini_git/imp_class_info/genesys2/pinmap/boot_mode.xdc:22]
CRITICAL WARNING: [Common 17-55] 'set_property' expects at least one object. [/home/kshan/rvx_repos/npx-tutorials/rvx_install/mini_git/imp_class_info/genesys2/pinmap/spi_flash.xdc:25]
CRITICAL WARNING: [Common 17-55] 'set_property' expects at least one object. [/home/kshan/rvx_repos/npx-tutorials/rvx_install/mini_git/imp_class_info/genesys2/pinmap/spi_flash.xdc:26]
CRITICAL WARNING: [Common 17-55] 'set_property' expects at least one object. [/home/kshan/rvx_repos/npx-tutorials/rvx_install/mini_git/imp_class_info/genesys2/pinmap/oled_rgb.xdc:22]
CRITICAL WARNING: [Common 17-55] 'set_property' expects at least one object. [/home/kshan/rvx_repos/npx-tutorials/rvx_install/mini_git/imp_class_info/genesys2/pinmap/oled_rgb.xdc:23]
CRITICAL WARNING: [Common 17-55] 'set_property' expects at least one object. [/home/kshan/rvx_repos/npx-tutorials/rvx_install/mini_git/imp_class_info/genesys2/pinmap/oled_rgb.xdc:24]
CRITICAL WARNING: [Common 17-55] 'set_property' expects at least one object. [/home/kshan/rvx_repos/npx-tutorials/rvx_install/mini_git/imp_class_info/genesys2/pinmap/oled_rgb.xdc:25]
CRITICAL WARNING: [Common 17-55] 'set_property' expects at least one object. [/home/kshan/rvx_repos/npx-tutorials/rvx_install/mini_git/imp_class_info/genesys2/pinmap/oled_rgb.xdc:27]
CRITICAL WARNING: [Common 17-55] 'set_property' expects at least one object. [/home/kshan/rvx_repos/npx-tutorials/rvx_install/mini_git/imp_class_info/genesys2/pinmap/oled_rgb.xdc:28]
CRITICAL WARNING: [Common 17-55] 'set_property' expects at least one object. [/home/kshan/rvx_repos/npx-tutorials/rvx_install/mini_git/imp_class_info/genesys2/pinmap/oled_rgb.xdc:29]
CRITICAL WARNING: [Common 17-55] 'set_property' expects at least one object. [/home/kshan/rvx_repos/npx-tutorials/rvx_install/mini_git/imp_class_info/genesys2/pinmap/oled_rgb.xdc:30]
CRITICAL WARNING: [Common 17-55] 'set_property' expects at least one object. [/home/kshan/rvx_repos/npx-tutorials/rvx_install/mini_git/imp_class_info/genesys2/pinmap/oled_bw_on_board.xdc:22]
CRITICAL WARNING: [Common 17-55] 'set_property' expects at least one object. [/home/kshan/rvx_repos/npx-tutorials/rvx_install/mini_git/imp_class_info/genesys2/pinmap/oled_bw_on_board.xdc:23]
CRITICAL WARNING: [Common 17-55] 'set_property' expects at least one object. [/home/kshan/rvx_repos/npx-tutorials/rvx_install/mini_git/imp_class_info/genesys2/pinmap/oled_bw_on_board.xdc:25]
CRITICAL WARNING: [Common 17-55] 'set_property' expects at least one object. [/home/kshan/rvx_repos/npx-tutorials/rvx_install/mini_git/imp_class_info/genesys2/pinmap/oled_bw_on_board.xdc:26]
CRITICAL WARNING: [Common 17-55] 'set_property' expects at least one object. [/home/kshan/rvx_repos/npx-tutorials/rvx_install/mini_git/imp_class_info/genesys2/pinmap/oled_bw_on_board.xdc:27]
CRITICAL WARNING: [Common 17-55] 'set_property' expects at least one object. [/home/kshan/rvx_repos/npx-tutorials/rvx_install/mini_git/imp_class_info/genesys2/pinmap/oled_bw_on_board.xdc:28]
CRITICAL WARNING: [Opt 31-430] Found a FDRE that its data pin is undriven. Driver is required to prevent unexpected behavior:i_platform/i_system_ddr/u_xilinx_ddr3_ctrl_axi32/u_xilinx_ddr3_ctrl_axi32_mig/temp_mon_enabled.u_tempmon/device_temp_sync_r1_reg[0]
CRITICAL WARNING: [Opt 31-430] Found a FDRE that its data pin is undriven. Driver is required to prevent unexpected behavior:i_platform/i_system_ddr/u_xilinx_ddr3_ctrl_axi32/u_xilinx_ddr3_ctrl_axi32_mig/temp_mon_enabled.u_tempmon/device_temp_sync_r1_reg[10]
CRITICAL WARNING: [Opt 31-430] Found a FDRE that its data pin is undriven. Driver is required to prevent unexpected behavior:i_platform/i_system_ddr/u_xilinx_ddr3_ctrl_axi32/u_xilinx_ddr3_ctrl_axi32_mig/temp_mon_enabled.u_tempmon/device_temp_sync_r1_reg[11]
CRITICAL WARNING: [Opt 31-430] Found a FDRE that its data pin is undriven. Driver is required to prevent unexpected behavior:i_platform/i_system_ddr/u_xilinx_ddr3_ctrl_axi32/u_xilinx_ddr3_ctrl_axi32_mig/temp_mon_enabled.u_tempmon/device_temp_sync_r1_reg[1]
CRITICAL WARNING: [Opt 31-430] Found a FDRE that its data pin is undriven. Driver is required to prevent unexpected behavior:i_platform/i_system_ddr/u_xilinx_ddr3_ctrl_axi32/u_xilinx_ddr3_ctrl_axi32_mig/temp_mon_enabled.u_tempmon/device_temp_sync_r1_reg[2]
CRITICAL WARNING: [Opt 31-430] Found a FDRE that its data pin is undriven. Driver is required to prevent unexpected behavior:i_platform/i_system_ddr/u_xilinx_ddr3_ctrl_axi32/u_xilinx_ddr3_ctrl_axi32_mig/temp_mon_enabled.u_tempmon/device_temp_sync_r1_reg[3]
CRITICAL WARNING: [Opt 31-430] Found a FDRE that its data pin is undriven. Driver is required to prevent unexpected behavior:i_platform/i_system_ddr/u_xilinx_ddr3_ctrl_axi32/u_xilinx_ddr3_ctrl_axi32_mig/temp_mon_enabled.u_tempmon/device_temp_sync_r1_reg[4]
CRITICAL WARNING: [Opt 31-430] Found a FDRE that its data pin is undriven. Driver is required to prevent unexpected behavior:i_platform/i_system_ddr/u_xilinx_ddr3_ctrl_axi32/u_xilinx_ddr3_ctrl_axi32_mig/temp_mon_enabled.u_tempmon/device_temp_sync_r1_reg[5]
CRITICAL WARNING: [Opt 31-430] Found a FDRE that its data pin is undriven. Driver is required to prevent unexpected behavior:i_platform/i_system_ddr/u_xilinx_ddr3_ctrl_axi32/u_xilinx_ddr3_ctrl_axi32_mig/temp_mon_enabled.u_tempmon/device_temp_sync_r1_reg[6]
CRITICAL WARNING: [Opt 31-430] Found a FDRE that its data pin is undriven. Driver is required to prevent unexpected behavior:i_platform/i_system_ddr/u_xilinx_ddr3_ctrl_axi32/u_xilinx_ddr3_ctrl_axi32_mig/temp_mon_enabled.u_tempmon/device_temp_sync_r1_reg[7]
CRITICAL WARNING: [Opt 31-430] Found a FDRE that its data pin is undriven. Driver is required to prevent unexpected behavior:i_platform/i_system_ddr/u_xilinx_ddr3_ctrl_axi32/u_xilinx_ddr3_ctrl_axi32_mig/temp_mon_enabled.u_tempmon/device_temp_sync_r1_reg[8]
CRITICAL WARNING: [Opt 31-430] Found a FDRE that its data pin is undriven. Driver is required to prevent unexpected behavior:i_platform/i_system_ddr/u_xilinx_ddr3_ctrl_axi32/u_xilinx_ddr3_ctrl_axi32_mig/temp_mon_enabled.u_tempmon/device_temp_sync_r1_reg[9]