Copyright 1986-2022 Xilinx, Inc. All Rights Reserved. Copyright 2022-2025 Advanced Micro Devices, Inc. All Rights Reserved.
----------------------------------------------------------------------------------------------------------------------------------------------------------------------------------------------------
| Tool Version     : Vivado v.2025.2 (lin64) Build 6299465 Fri Nov 14 12:34:56 MST 2025
| Date             : Wed Feb  4 19:18:47 2026
| Host             : localhost.localdomain running 64-bit Red Hat Enterprise Linux release 8.10 (Ootpa)
| Command          : report_power -hier all -hierarchical_depth 10 -file /home/kshan/rvx_repos/npx-fpga-sdk/platform/starc_vera1/imp_genesys2-eb_2026-02-04/imp_result/route_power_hier.rpt
| Design           : STARC_VERA1_FPGA
| Device           : xc7k325tffg900-2
| Design State     : routed
| Grade            : commercial
| Process          : typical
| Characterization : Production
----------------------------------------------------------------------------------------------------------------------------------------------------------------------------------------------------

Power Report

Table of Contents
-----------------
1. Summary
1.1 On-Chip Components
1.2 Power Supply Summary
1.3 Confidence Level
2. Settings
2.1 Environment
2.2 Clock Constraints
3. Detailed Reports
3.1 By Hierarchy

1. Summary
----------

+--------------------------+--------------+
| Total On-Chip Power (W)  | 1.756        |
| Design Power Budget (W)  | Unspecified* |
| Power Budget Margin (W)  | NA           |
| Dynamic (W)              | 1.581        |
| Device Static (W)        | 0.175        |
| Effective TJA (C/W)      | 1.8          |
| Max Ambient (C)          | 81.9         |
| Junction Temperature (C) | 28.1         |
| Confidence Level         | Low          |
| Setting File             | ---          |
| Simulation Activity File | ---          |
| Design Nets Matched      | NA           |
+--------------------------+--------------+
* Specify Design Power Budget using, set_operating_conditions -design_power_budget <value in Watts>


1.1 On-Chip Components
----------------------

+--------------------------+-----------+----------+-----------+-----------------+
| On-Chip                  | Power (W) | Used     | Available | Utilization (%) |
+--------------------------+-----------+----------+-----------+-----------------+
| Clocks                   |     0.196 |       37 |       --- |             --- |
| Slice Logic              |     0.107 |   201421 |       --- |             --- |
|   LUT as Logic           |     0.099 |   107423 |    203800 |           52.71 |
|   CARRY4                 |     0.006 |     6651 |     50950 |           13.05 |
|   Register               |     0.002 |    64916 |    407600 |           15.93 |
|   LUT as Distributed RAM |    <0.001 |      940 |     64000 |            1.47 |
|   F7/F8 Muxes            |    <0.001 |     2511 |    203800 |            1.23 |
|   LUT as Shift Register  |    <0.001 |      357 |     64000 |            0.56 |
|   Others                 |    <0.001 |     1202 |       --- |             --- |
|   BUFG                   |    <0.001 |        1 |        32 |            3.13 |
| Signals                  |     0.149 |   163201 |       --- |             --- |
| Block RAM                |     0.032 |       28 |       445 |            6.29 |
| MMCM                     |     0.203 |        2 |        10 |           20.00 |
| PLL                      |     0.092 |        1 |        10 |           10.00 |
| DSPs                     |     0.004 |        4 |       840 |            0.48 |
| I/O                      |     0.529 |       86 |       500 |           17.20 |
| PHASER                   |     0.269 |       28 |       --- |             --- |
| Static Power             |     0.175 |          |           |                 |
| Total                    |     1.756 |          |           |                 |
+--------------------------+-----------+----------+-----------+-----------------+


1.2 Power Supply Summary
------------------------

+-----------+-------------+-----------+-------------+------------+-------------+-------------+------------+
| Source    | Voltage (V) | Total (A) | Dynamic (A) | Static (A) | Powerup (A) | Budget (A)  | Margin (A) |
+-----------+-------------+-----------+-------------+------------+-------------+-------------+------------+
| Vccint    |       1.000 |     0.639 |       0.561 |      0.078 |       NA    | Unspecified | NA         |
| Vccaux    |       1.800 |     0.411 |       0.382 |      0.029 |       NA    | Unspecified | NA         |
| Vcco33    |       3.300 |     0.001 |       0.000 |      0.001 |       NA    | Unspecified | NA         |
| Vcco25    |       2.500 |     0.000 |       0.000 |      0.000 |       NA    | Unspecified | NA         |
| Vcco18    |       1.800 |     0.001 |       0.000 |      0.001 |       NA    | Unspecified | NA         |
| Vcco15    |       1.500 |     0.221 |       0.220 |      0.001 |       NA    | Unspecified | NA         |
| Vcco135   |       1.350 |     0.000 |       0.000 |      0.000 |       NA    | Unspecified | NA         |
| Vcco12    |       1.200 |     0.000 |       0.000 |      0.000 |       NA    | Unspecified | NA         |
| Vccaux_io |       1.800 |     0.000 |       0.000 |      0.000 |       NA    | Unspecified | NA         |
| Vccbram   |       1.000 |     0.004 |       0.002 |      0.002 |       NA    | Unspecified | NA         |
| MGTAVcc   |       1.000 |     0.000 |       0.000 |      0.000 |       NA    | Unspecified | NA         |
| MGTAVtt   |       1.200 |     0.000 |       0.000 |      0.000 |       NA    | Unspecified | NA         |
| MGTVccaux |       1.800 |     0.000 |       0.000 |      0.000 |       NA    | Unspecified | NA         |
| Vccadc    |       1.800 |     0.020 |       0.000 |      0.020 |       NA    | Unspecified | NA         |
+-----------+-------------+-----------+-------------+------------+-------------+-------------+------------+


1.3 Confidence Level
--------------------

+-----------------------------+------------+--------------------------------------------------------+------------------------------------------------------------------------------------------------------------+
| User Input Data             | Confidence | Details                                                | Action                                                                                                     |
+-----------------------------+------------+--------------------------------------------------------+------------------------------------------------------------------------------------------------------------+
| Design implementation state | High       | Design is routed                                       |                                                                                                            |
| Clock nodes activity        | High       | User specified more than 95% of clocks                 |                                                                                                            |
| I/O nodes activity          | Low        | More than 75% of inputs are missing user specification | Provide missing input activity with simulation results or by editing the "By Resource Type -> I/Os" view   |
| Internal nodes activity     | Medium     | User specified less than 25% of internal nodes         | Provide missing internal nodes activity with simulation results or by editing the "By Resource Type" views |
| Device models               | High       | Device models are Production                           |                                                                                                            |
|                             |            |                                                        |                                                                                                            |
| Overall confidence level    | Low        |                                                        |                                                                                                            |
+-----------------------------+------------+--------------------------------------------------------+------------------------------------------------------------------------------------------------------------+


2. Settings
-----------

2.1 Environment
---------------

+-----------------------+--------------------------+
| Ambient Temp (C)      | 25.0                     |
| ThetaJA (C/W)         | 1.8                      |
| Airflow (LFM)         | 250                      |
| Heat Sink             | medium (Medium Profile)  |
| ThetaSA (C/W)         | 3.3                      |
| Board Selection       | medium (10"x10")         |
| # of Board Layers     | 12to15 (12 to 15 Layers) |
| Board Temperature (C) | 25.0                     |
+-----------------------+--------------------------+


2.2 Clock Constraints
---------------------

+-----------------------------------------------------------------------------------------------------------------------------------------------------------+-------------------------------------------------------------------------------------------------------------------------------------------------------------------------------------------------------------------------------------------------------+-----------------+
| Clock                                                                                                                                                     | Domain                                                                                                                                                                                                                                                | Constraint (ns) |
+-----------------------------------------------------------------------------------------------------------------------------------------------------------+-------------------------------------------------------------------------------------------------------------------------------------------------------------------------------------------------------------------------------------------------------+-----------------+
| clk_100000000_xilinx_clock_pll_0                                                                                                                          | i_platform/i_pll0/i_xilinx_clock_pll_0/inst/clk_100000000_xilinx_clock_pll_0                                                                                                                                                                          |            10.0 |
| clk_200000000_xilinx_clock_pll_0                                                                                                                          | i_platform/i_pll0/i_xilinx_clock_pll_0/inst/clk_200000000_xilinx_clock_pll_0                                                                                                                                                                          |             5.0 |
| clk_pll_i                                                                                                                                                 | i_platform/i_system_ddr/u_xilinx_ddr3_ctrl_axi32/u_xilinx_ddr3_ctrl_axi32_mig/u_ddr3_infrastructure/clk_pll_i                                                                                                                                         |            10.0 |
| clkfbout_xilinx_clock_pll_0                                                                                                                               | i_platform/i_pll0/i_xilinx_clock_pll_0/inst/clkfbout_xilinx_clock_pll_0                                                                                                                                                                               |             5.0 |
| external_clk_0                                                                                                                                            | external_clk_0                                                                                                                                                                                                                                        |             5.0 |
| freq_refclk                                                                                                                                               | i_platform/i_system_ddr/u_xilinx_ddr3_ctrl_axi32/u_xilinx_ddr3_ctrl_axi32_mig/u_ddr3_infrastructure/freq_refclk                                                                                                                                       |             1.2 |
| iserdes_clkdiv                                                                                                                                            | i_platform/i_system_ddr/u_xilinx_ddr3_ctrl_axi32/u_xilinx_ddr3_ctrl_axi32_mig/u_memc_ui_top_axi/mem_intfc0/ddr_phy_top0/u_ddr_mc_phy_wrapper/u_ddr_mc_phy/ddr_phy_4lanes_0.u_ddr_phy_4lanes/ddr_byte_lane_A.ddr_byte_lane_A/iserdes_clkdiv            |            10.0 |
| iserdes_clkdiv_1                                                                                                                                          | i_platform/i_system_ddr/u_xilinx_ddr3_ctrl_axi32/u_xilinx_ddr3_ctrl_axi32_mig/u_memc_ui_top_axi/mem_intfc0/ddr_phy_top0/u_ddr_mc_phy_wrapper/u_ddr_mc_phy/ddr_phy_4lanes_0.u_ddr_phy_4lanes/ddr_byte_lane_B.ddr_byte_lane_B/iserdes_clkdiv            |            10.0 |
| iserdes_clkdiv_2                                                                                                                                          | i_platform/i_system_ddr/u_xilinx_ddr3_ctrl_axi32/u_xilinx_ddr3_ctrl_axi32_mig/u_memc_ui_top_axi/mem_intfc0/ddr_phy_top0/u_ddr_mc_phy_wrapper/u_ddr_mc_phy/ddr_phy_4lanes_0.u_ddr_phy_4lanes/ddr_byte_lane_C.ddr_byte_lane_C/iserdes_clkdiv            |            10.0 |
| iserdes_clkdiv_3                                                                                                                                          | i_platform/i_system_ddr/u_xilinx_ddr3_ctrl_axi32/u_xilinx_ddr3_ctrl_axi32_mig/u_memc_ui_top_axi/mem_intfc0/ddr_phy_top0/u_ddr_mc_phy_wrapper/u_ddr_mc_phy/ddr_phy_4lanes_0.u_ddr_phy_4lanes/ddr_byte_lane_D.ddr_byte_lane_D/iserdes_clkdiv            |            10.0 |
| mem_refclk                                                                                                                                                | i_platform/i_system_ddr/u_xilinx_ddr3_ctrl_axi32/u_xilinx_ddr3_ctrl_axi32_mig/u_ddr3_infrastructure/mem_refclk                                                                                                                                        |             2.5 |
| oserdes_clk                                                                                                                                               | i_platform/i_system_ddr/u_xilinx_ddr3_ctrl_axi32/u_xilinx_ddr3_ctrl_axi32_mig/u_memc_ui_top_axi/mem_intfc0/ddr_phy_top0/u_ddr_mc_phy_wrapper/u_ddr_mc_phy/ddr_phy_4lanes_0.u_ddr_phy_4lanes/ddr_byte_lane_A.ddr_byte_lane_A/oserdes_clk               |             2.5 |
| oserdes_clk_1                                                                                                                                             | i_platform/i_system_ddr/u_xilinx_ddr3_ctrl_axi32/u_xilinx_ddr3_ctrl_axi32_mig/u_memc_ui_top_axi/mem_intfc0/ddr_phy_top0/u_ddr_mc_phy_wrapper/u_ddr_mc_phy/ddr_phy_4lanes_0.u_ddr_phy_4lanes/ddr_byte_lane_B.ddr_byte_lane_B/oserdes_clk               |             2.5 |
| oserdes_clk_2                                                                                                                                             | i_platform/i_system_ddr/u_xilinx_ddr3_ctrl_axi32/u_xilinx_ddr3_ctrl_axi32_mig/u_memc_ui_top_axi/mem_intfc0/ddr_phy_top0/u_ddr_mc_phy_wrapper/u_ddr_mc_phy/ddr_phy_4lanes_0.u_ddr_phy_4lanes/ddr_byte_lane_C.ddr_byte_lane_C/oserdes_clk               |             2.5 |
| oserdes_clk_3                                                                                                                                             | i_platform/i_system_ddr/u_xilinx_ddr3_ctrl_axi32/u_xilinx_ddr3_ctrl_axi32_mig/u_memc_ui_top_axi/mem_intfc0/ddr_phy_top0/u_ddr_mc_phy_wrapper/u_ddr_mc_phy/ddr_phy_4lanes_0.u_ddr_phy_4lanes/ddr_byte_lane_D.ddr_byte_lane_D/oserdes_clk               |             2.5 |
| oserdes_clk_4                                                                                                                                             | i_platform/i_system_ddr/u_xilinx_ddr3_ctrl_axi32/u_xilinx_ddr3_ctrl_axi32_mig/u_memc_ui_top_axi/mem_intfc0/ddr_phy_top0/u_ddr_mc_phy_wrapper/u_ddr_mc_phy/ddr_phy_4lanes_1.u_ddr_phy_4lanes/ddr_byte_lane_A.ddr_byte_lane_A/oserdes_clk               |             2.5 |
| oserdes_clk_5                                                                                                                                             | i_platform/i_system_ddr/u_xilinx_ddr3_ctrl_axi32/u_xilinx_ddr3_ctrl_axi32_mig/u_memc_ui_top_axi/mem_intfc0/ddr_phy_top0/u_ddr_mc_phy_wrapper/u_ddr_mc_phy/ddr_phy_4lanes_1.u_ddr_phy_4lanes/ddr_byte_lane_B.ddr_byte_lane_B/oserdes_clk               |             2.5 |
| oserdes_clk_6                                                                                                                                             | i_platform/i_system_ddr/u_xilinx_ddr3_ctrl_axi32/u_xilinx_ddr3_ctrl_axi32_mig/u_memc_ui_top_axi/mem_intfc0/ddr_phy_top0/u_ddr_mc_phy_wrapper/u_ddr_mc_phy/ddr_phy_4lanes_1.u_ddr_phy_4lanes/ddr_byte_lane_C.ddr_byte_lane_C/oserdes_clk               |             2.5 |
| oserdes_clk_7                                                                                                                                             | i_platform/i_system_ddr/u_xilinx_ddr3_ctrl_axi32/u_xilinx_ddr3_ctrl_axi32_mig/u_memc_ui_top_axi/mem_intfc0/ddr_phy_top0/u_ddr_mc_phy_wrapper/u_ddr_mc_phy/ddr_phy_4lanes_1.u_ddr_phy_4lanes/ddr_byte_lane_D.ddr_byte_lane_D/oserdes_clk               |             2.5 |
| oserdes_clkdiv                                                                                                                                            | i_platform/i_system_ddr/u_xilinx_ddr3_ctrl_axi32/u_xilinx_ddr3_ctrl_axi32_mig/u_memc_ui_top_axi/mem_intfc0/ddr_phy_top0/u_ddr_mc_phy_wrapper/u_ddr_mc_phy/ddr_phy_4lanes_0.u_ddr_phy_4lanes/ddr_byte_lane_A.ddr_byte_lane_A/oserdes_clkdiv            |             5.0 |
| oserdes_clkdiv_1                                                                                                                                          | i_platform/i_system_ddr/u_xilinx_ddr3_ctrl_axi32/u_xilinx_ddr3_ctrl_axi32_mig/u_memc_ui_top_axi/mem_intfc0/ddr_phy_top0/u_ddr_mc_phy_wrapper/u_ddr_mc_phy/ddr_phy_4lanes_0.u_ddr_phy_4lanes/ddr_byte_lane_B.ddr_byte_lane_B/oserdes_clkdiv            |             5.0 |
| oserdes_clkdiv_2                                                                                                                                          | i_platform/i_system_ddr/u_xilinx_ddr3_ctrl_axi32/u_xilinx_ddr3_ctrl_axi32_mig/u_memc_ui_top_axi/mem_intfc0/ddr_phy_top0/u_ddr_mc_phy_wrapper/u_ddr_mc_phy/ddr_phy_4lanes_0.u_ddr_phy_4lanes/ddr_byte_lane_C.ddr_byte_lane_C/oserdes_clkdiv            |             5.0 |
| oserdes_clkdiv_3                                                                                                                                          | i_platform/i_system_ddr/u_xilinx_ddr3_ctrl_axi32/u_xilinx_ddr3_ctrl_axi32_mig/u_memc_ui_top_axi/mem_intfc0/ddr_phy_top0/u_ddr_mc_phy_wrapper/u_ddr_mc_phy/ddr_phy_4lanes_0.u_ddr_phy_4lanes/ddr_byte_lane_D.ddr_byte_lane_D/oserdes_clkdiv            |             5.0 |
| oserdes_clkdiv_4                                                                                                                                          | i_platform/i_system_ddr/u_xilinx_ddr3_ctrl_axi32/u_xilinx_ddr3_ctrl_axi32_mig/u_memc_ui_top_axi/mem_intfc0/ddr_phy_top0/u_ddr_mc_phy_wrapper/u_ddr_mc_phy/ddr_phy_4lanes_1.u_ddr_phy_4lanes/ddr_byte_lane_A.ddr_byte_lane_A/oserdes_clkdiv            |            10.0 |
| oserdes_clkdiv_5                                                                                                                                          | i_platform/i_system_ddr/u_xilinx_ddr3_ctrl_axi32/u_xilinx_ddr3_ctrl_axi32_mig/u_memc_ui_top_axi/mem_intfc0/ddr_phy_top0/u_ddr_mc_phy_wrapper/u_ddr_mc_phy/ddr_phy_4lanes_1.u_ddr_phy_4lanes/ddr_byte_lane_B.ddr_byte_lane_B/oserdes_clkdiv            |            10.0 |
| oserdes_clkdiv_6                                                                                                                                          | i_platform/i_system_ddr/u_xilinx_ddr3_ctrl_axi32/u_xilinx_ddr3_ctrl_axi32_mig/u_memc_ui_top_axi/mem_intfc0/ddr_phy_top0/u_ddr_mc_phy_wrapper/u_ddr_mc_phy/ddr_phy_4lanes_1.u_ddr_phy_4lanes/ddr_byte_lane_C.ddr_byte_lane_C/oserdes_clkdiv            |            10.0 |
| oserdes_clkdiv_7                                                                                                                                          | i_platform/i_system_ddr/u_xilinx_ddr3_ctrl_axi32/u_xilinx_ddr3_ctrl_axi32_mig/u_memc_ui_top_axi/mem_intfc0/ddr_phy_top0/u_ddr_mc_phy_wrapper/u_ddr_mc_phy/ddr_phy_4lanes_1.u_ddr_phy_4lanes/ddr_byte_lane_D.ddr_byte_lane_D/oserdes_clkdiv            |            10.0 |
| pjtag_rclk                                                                                                                                                | pjtag_rtck                                                                                                                                                                                                                                            |           100.0 |
| pll_clk3_out                                                                                                                                              | i_platform/i_system_ddr/u_xilinx_ddr3_ctrl_axi32/u_xilinx_ddr3_ctrl_axi32_mig/u_ddr3_infrastructure/pll_clk3_out                                                                                                                                      |            10.0 |
| pll_clkfbout                                                                                                                                              | i_platform/i_system_ddr/u_xilinx_ddr3_ctrl_axi32/u_xilinx_ddr3_ctrl_axi32_mig/u_ddr3_infrastructure/pll_clkfbout                                                                                                                                      |             5.0 |
| sync_pulse                                                                                                                                                | i_platform/i_system_ddr/u_xilinx_ddr3_ctrl_axi32/u_xilinx_ddr3_ctrl_axi32_mig/u_ddr3_infrastructure/sync_pulse                                                                                                                                        |            40.0 |
| u_memc_ui_top_axi/mem_intfc0/ddr_phy_top0/u_ddr_mc_phy_wrapper/u_ddr_mc_phy/ddr_phy_4lanes_0.u_ddr_phy_4lanes/ddr_byte_lane_A.ddr_byte_lane_A/iserdes_clk | i_platform/i_system_ddr/u_xilinx_ddr3_ctrl_axi32/u_xilinx_ddr3_ctrl_axi32_mig/u_memc_ui_top_axi/mem_intfc0/ddr_phy_top0/u_ddr_mc_phy_wrapper/u_ddr_mc_phy/ddr_phy_4lanes_0.u_ddr_phy_4lanes/ddr_byte_lane_A.ddr_byte_lane_A/phaser_in_gen.phaser_in_0 |             2.5 |
| u_memc_ui_top_axi/mem_intfc0/ddr_phy_top0/u_ddr_mc_phy_wrapper/u_ddr_mc_phy/ddr_phy_4lanes_0.u_ddr_phy_4lanes/ddr_byte_lane_B.ddr_byte_lane_B/iserdes_clk | i_platform/i_system_ddr/u_xilinx_ddr3_ctrl_axi32/u_xilinx_ddr3_ctrl_axi32_mig/u_memc_ui_top_axi/mem_intfc0/ddr_phy_top0/u_ddr_mc_phy_wrapper/u_ddr_mc_phy/ddr_phy_4lanes_0.u_ddr_phy_4lanes/ddr_byte_lane_B.ddr_byte_lane_B/phaser_in_gen.phaser_in_0 |             2.5 |
| u_memc_ui_top_axi/mem_intfc0/ddr_phy_top0/u_ddr_mc_phy_wrapper/u_ddr_mc_phy/ddr_phy_4lanes_0.u_ddr_phy_4lanes/ddr_byte_lane_C.ddr_byte_lane_C/iserdes_clk | i_platform/i_system_ddr/u_xilinx_ddr3_ctrl_axi32/u_xilinx_ddr3_ctrl_axi32_mig/u_memc_ui_top_axi/mem_intfc0/ddr_phy_top0/u_ddr_mc_phy_wrapper/u_ddr_mc_phy/ddr_phy_4lanes_0.u_ddr_phy_4lanes/ddr_byte_lane_C.ddr_byte_lane_C/phaser_in_gen.phaser_in_0 |             2.5 |
| u_memc_ui_top_axi/mem_intfc0/ddr_phy_top0/u_ddr_mc_phy_wrapper/u_ddr_mc_phy/ddr_phy_4lanes_0.u_ddr_phy_4lanes/ddr_byte_lane_D.ddr_byte_lane_D/iserdes_clk | i_platform/i_system_ddr/u_xilinx_ddr3_ctrl_axi32/u_xilinx_ddr3_ctrl_axi32_mig/u_memc_ui_top_axi/mem_intfc0/ddr_phy_top0/u_ddr_mc_phy_wrapper/u_ddr_mc_phy/ddr_phy_4lanes_0.u_ddr_phy_4lanes/ddr_byte_lane_D.ddr_byte_lane_D/phaser_in_gen.phaser_in_0 |             2.5 |
+-----------------------------------------------------------------------------------------------------------------------------------------------------------+-------------------------------------------------------------------------------------------------------------------------------------------------------------------------------------------------------------------------------------------------------+-----------------+


3. Detailed Reports
-------------------

3.1 By Hierarchy
----------------

+------------------------------------------------------------------------------+-----------+---------+-----------+------+--------+----------+------------+---------+-----------+--------+----------+-------+---------+------------+--------------+
| Name                                                                         | Power (W) | Clock # | Clock (W) | Io # | Io (W) | Signal # | Signal (W) | Logic # | Logic (W) | Bram # | Bram (W) | Dsp # | Dsp (W) | Clock IP # | Clock IP (W) |
+------------------------------------------------------------------------------+-----------+---------+-----------+------+--------+----------+------------+---------+-----------+--------+----------+-------+---------+------------+--------------+
| STARC_VERA1_FPGA                                                             |     1.581 |      37 |     0.196 |   86 |  0.529 |   163201 |      0.149 |  201421 |     0.107 |     28 |    0.032 |     4 |   0.004 |          3 |        0.295 |
|   i_platform                                                                 |     1.580 |      37 |     0.195 |  246 |  0.529 |   161242 |      0.149 |  201002 |     0.107 |     48 |    0.032 |     4 |   0.004 |          3 |        0.295 |
|     i_pll0                                                                   |     0.117 |      37 |     0.006 |    1 |  0.004 |        0 |      0.000 |       2 |     0.000 |      0 |    0.000 |     0 |   0.000 |          1 |        0.108 |
|       i_xilinx_clock_pll_0                                                   |     0.117 |      37 |     0.006 |    1 |  0.004 |        0 |      0.000 |       2 |     0.000 |      0 |    0.000 |     0 |   0.000 |          1 |        0.108 |
|         inst                                                                 |     0.117 |      37 |     0.006 |    1 |  0.004 |        0 |      0.000 |       2 |     0.000 |      0 |    0.000 |     0 |   0.000 |          1 |        0.108 |
|     i_rtl                                                                    |     0.405 |      37 |     0.151 |    0 |  0.000 |   145886 |      0.126 |  181492 |     0.093 |     16 |    0.031 |     4 |   0.004 |          0 |        0.000 |
|       default_slave                                                          |     0.004 |      37 |     0.003 |    0 |  0.000 |     1644 |     <0.001 |    2124 |    <0.001 |      0 |    0.000 |     0 |   0.000 |          0 |        0.000 |
|         i_munoc_instance_1                                                   |     0.003 |      37 |     0.003 |    0 |  0.000 |     1282 |     <0.001 |    1712 |    <0.001 |      0 |    0.000 |     0 |   0.000 |          0 |        0.000 |
|           i_munoc_instance_2                                                 |     0.002 |      37 |     0.002 |    0 |  0.000 |      627 |     <0.001 |     818 |    <0.001 |      0 |    0.000 |     0 |   0.000 |          0 |        0.000 |
|             i_munoc_instance_0                                               |     0.002 |      37 |     0.002 |    0 |  0.000 |      607 |     <0.001 |     780 |    <0.001 |      0 |    0.000 |     0 |   0.000 |          0 |        0.000 |
|               i_gen_buffer[0].i_munoc_instance_1                             |     0.002 |      37 |     0.002 |    0 |  0.000 |      607 |     <0.001 |     780 |    <0.001 |      0 |    0.000 |     0 |   0.000 |          0 |        0.000 |
|       external_peri_group                                                    |     0.004 |      37 |     0.003 |    0 |  0.000 |     2178 |     <0.001 |    3108 |    <0.001 |      0 |    0.000 |     0 |   0.000 |          0 |        0.000 |
|         i_gen_valid_uart[0].i_rvx_instance_09                                |     0.002 |      37 |     0.002 |    0 |  0.000 |     1239 |     <0.001 |    1973 |    <0.001 |      0 |    0.000 |     0 |   0.000 |          0 |        0.000 |
|           i_rvx_instance_0                                                   |     0.002 |      37 |     0.002 |    0 |  0.000 |     1239 |     <0.001 |    1973 |    <0.001 |      0 |    0.000 |     0 |   0.000 |          0 |        0.000 |
|             i_rvx_instance_1                                                 |     0.002 |      37 |     0.001 |    0 |  0.000 |      977 |     <0.001 |    1606 |    <0.001 |      0 |    0.000 |     0 |   0.000 |          0 |        0.000 |
|               i_rvx_instance_0                                               |     0.001 |      37 |     0.001 |    0 |  0.000 |      867 |     <0.001 |    1464 |    <0.001 |      0 |    0.000 |     0 |   0.000 |          0 |        0.000 |
|         i_rvx_instance_03                                                    |     0.001 |      37 |    <0.001 |    0 |  0.000 |      377 |     <0.001 |     503 |    <0.001 |      0 |    0.000 |     0 |   0.000 |          0 |        0.000 |
|           spi4                                                               |     0.001 |      37 |    <0.001 |    0 |  0.000 |      375 |     <0.001 |     500 |    <0.001 |      0 |    0.000 |     0 |   0.000 |          0 |        0.000 |
|       i_dca_neugemm00                                                        |     0.138 |      37 |     0.035 |    0 |  0.000 |    70390 |      0.058 |   89213 |     0.045 |      0 |    0.000 |     0 |   0.000 |          0 |        0.000 |
|         i_dca_instance_0                                                     |     0.138 |      37 |     0.035 |    0 |  0.000 |    70390 |      0.058 |   89213 |     0.045 |      0 |    0.000 |     0 |   0.000 |          0 |        0.000 |
|           i_dca_instance_00                                                  |     0.001 |      37 |    <0.001 |    0 |  0.000 |       18 |     <0.001 |     287 |    <0.001 |      0 |    0.000 |     0 |   0.000 |          0 |        0.000 |
|             i_dca_instance_0                                                 |     0.001 |      37 |    <0.001 |    0 |  0.000 |       11 |     <0.001 |     278 |    <0.001 |      0 |    0.000 |     0 |   0.000 |          0 |        0.000 |
|           i_dca_instance_02                                                  |     0.004 |      37 |    <0.001 |    0 |  0.000 |      978 |      0.002 |     962 |     0.001 |      0 |    0.000 |     0 |   0.000 |          0 |        0.000 |
|             i_dca_instance_0                                                 |     0.001 |      37 |    <0.001 |    0 |  0.000 |      332 |     <0.001 |     324 |    <0.001 |      0 |    0.000 |     0 |   0.000 |          0 |        0.000 |
|             i_dca_instance_1                                                 |     0.001 |      37 |    <0.001 |    0 |  0.000 |      330 |     <0.001 |     326 |    <0.001 |      0 |    0.000 |     0 |   0.000 |          0 |        0.000 |
|             i_dca_instance_2                                                 |     0.001 |      37 |    <0.001 |    0 |  0.000 |      311 |     <0.001 |     306 |    <0.001 |      0 |    0.000 |     0 |   0.000 |          0 |        0.000 |
|           i_dca_instance_03                                                  |     0.025 |      37 |    <0.001 |    0 |  0.000 |    34187 |      0.006 |   40915 |     0.018 |      0 |    0.000 |     0 |   0.000 |          0 |        0.000 |
|             i_rvx_instance_2                                                 |     0.025 |      37 |    <0.001 |    0 |  0.000 |    34029 |      0.006 |   40750 |     0.018 |      0 |    0.000 |     0 |   0.000 |          0 |        0.000 |
|           i_dca_instance_05                                                  |     0.002 |      37 |    <0.001 |    0 |  0.000 |       18 |      0.001 |     283 |    <0.001 |      0 |    0.000 |     0 |   0.000 |          0 |        0.000 |
|             i_dca_instance_0                                                 |     0.002 |      37 |    <0.001 |    0 |  0.000 |       13 |      0.001 |     276 |    <0.001 |      0 |    0.000 |     0 |   0.000 |          0 |        0.000 |
|           i_dca_instance_06                                                  |     0.023 |      37 |     0.005 |    0 |  0.000 |    11280 |      0.009 |   18977 |     0.009 |      0 |    0.000 |     0 |   0.000 |          0 |        0.000 |
|             i_dca_instance_0                                                 |     0.023 |      37 |     0.005 |    0 |  0.000 |    11280 |      0.009 |   18977 |     0.009 |      0 |    0.000 |     0 |   0.000 |          0 |        0.000 |
|               i_dca_instance_0                                               |     0.023 |      37 |     0.005 |    0 |  0.000 |    11280 |      0.009 |   18977 |     0.009 |      0 |    0.000 |     0 |   0.000 |          0 |        0.000 |
|           i_dca_instance_07                                                  |     0.012 |      37 |     0.005 |    0 |  0.000 |     2080 |      0.005 |    3872 |     0.002 |      0 |    0.000 |     0 |   0.000 |          0 |        0.000 |
|             i_dca_instance_0                                                 |     0.012 |      37 |     0.005 |    0 |  0.000 |     2080 |      0.005 |    3872 |     0.002 |      0 |    0.000 |     0 |   0.000 |          0 |        0.000 |
|               i_dca_instance_0                                               |     0.012 |      37 |     0.005 |    0 |  0.000 |     2080 |      0.005 |    3872 |     0.002 |      0 |    0.000 |     0 |   0.000 |          0 |        0.000 |
|           i_dca_instance_08                                                  |     0.052 |      37 |     0.013 |    0 |  0.000 |    15036 |      0.028 |   16687 |     0.011 |      0 |    0.000 |     0 |   0.000 |          0 |        0.000 |
|             i_dca_instance_3                                                 |     0.004 |      37 |    <0.001 |    0 |  0.000 |     1239 |      0.003 |    2732 |    <0.001 |      0 |    0.000 |     0 |   0.000 |          0 |        0.000 |
|               i_dca_instance_0                                               |     0.001 |      37 |    <0.001 |    0 |  0.000 |      348 |      0.001 |     349 |    <0.001 |      0 |    0.000 |     0 |   0.000 |          0 |        0.000 |
|               i_dca_instance_2                                               |     0.002 |      37 |    <0.001 |    0 |  0.000 |      288 |      0.001 |     298 |    <0.001 |      0 |    0.000 |     0 |   0.000 |          0 |        0.000 |
|           i_dca_instance_10                                                  |     0.010 |      37 |     0.005 |    0 |  0.000 |     2231 |      0.005 |    2232 |    <0.001 |      0 |    0.000 |     0 |   0.000 |          0 |        0.000 |
|             i_dca_instance_0                                                 |     0.010 |      37 |     0.005 |    0 |  0.000 |     2231 |      0.005 |    2232 |    <0.001 |      0 |    0.000 |     0 |   0.000 |          0 |        0.000 |
|           i_dca_instance_11                                                  |     0.005 |      37 |     0.005 |    0 |  0.000 |     2049 |     <0.001 |    2050 |    <0.001 |      0 |    0.000 |     0 |   0.000 |          0 |        0.000 |
|             i_dca_instance_0                                                 |     0.005 |      37 |     0.005 |    0 |  0.000 |     2049 |     <0.001 |    2050 |    <0.001 |      0 |    0.000 |     0 |   0.000 |          0 |        0.000 |
|           i_dca_instance_12                                                  |     0.002 |      37 |    <0.001 |    0 |  0.000 |     2303 |     <0.001 |    2705 |    <0.001 |      0 |    0.000 |     0 |   0.000 |          0 |        0.000 |
|       i_dca_neugemm00_control_mmiox1_interface                               |     0.012 |      37 |     0.011 |    0 |  0.000 |     5362 |     <0.001 |    6659 |     0.001 |      0 |    0.000 |     0 |   0.000 |          0 |        0.000 |
|         i_rvx_instance_0                                                     |     0.012 |      37 |     0.011 |    0 |  0.000 |     5362 |     <0.001 |    6659 |     0.001 |      0 |    0.000 |     0 |   0.000 |          0 |        0.000 |
|           i_rvx_instance_08                                                  |     0.011 |      37 |     0.010 |    0 |  0.000 |     4935 |     <0.001 |    6106 |     0.001 |      0 |    0.000 |     0 |   0.000 |          0 |        0.000 |
|             i_generate_fifo[9].i_rvx_instance_1                              |     0.001 |      37 |    <0.001 |    0 |  0.000 |      120 |     <0.001 |     318 |     0.001 |      0 |    0.000 |     0 |   0.000 |          0 |        0.000 |
|       i_dca_neugemm00_ma_mlsu                                                |     0.006 |      37 |     0.003 |    0 |  0.000 |     2957 |      0.001 |    3664 |     0.001 |      0 |    0.000 |     0 |   0.000 |          0 |        0.000 |
|         i_dca_instance_0                                                     |     0.006 |      37 |     0.003 |    0 |  0.000 |     2957 |      0.001 |    3664 |     0.001 |      0 |    0.000 |     0 |   0.000 |          0 |        0.000 |
|           i_dca_instance_0                                                   |     0.006 |      37 |     0.003 |    0 |  0.000 |     2957 |      0.001 |    3664 |     0.001 |      0 |    0.000 |     0 |   0.000 |          0 |        0.000 |
|             i_dca_instance_07                                                |     0.003 |      37 |     0.002 |    0 |  0.000 |     1865 |     <0.001 |    2381 |    <0.001 |      0 |    0.000 |     0 |   0.000 |          0 |        0.000 |
|               i_dca_instance_0                                               |     0.001 |      37 |    <0.001 |    0 |  0.000 |      389 |     <0.001 |     646 |    <0.001 |      0 |    0.000 |     0 |   0.000 |          0 |        0.000 |
|               i_dca_instance_1                                               |     0.002 |      37 |    <0.001 |    0 |  0.000 |     1476 |     <0.001 |    1735 |    <0.001 |      0 |    0.000 |     0 |   0.000 |          0 |        0.000 |
|                 i_dca_instance_0                                             |     0.001 |      37 |     0.000 |    0 |  0.000 |     1218 |     <0.001 |    1474 |    <0.001 |      0 |    0.000 |     0 |   0.000 |          0 |        0.000 |
|       i_dca_neugemm00_mb_mlsu                                                |     0.005 |      37 |     0.003 |    0 |  0.000 |     2961 |      0.001 |    3666 |    <0.001 |      0 |    0.000 |     0 |   0.000 |          0 |        0.000 |
|         i_dca_instance_0                                                     |     0.005 |      37 |     0.003 |    0 |  0.000 |     2961 |      0.001 |    3666 |    <0.001 |      0 |    0.000 |     0 |   0.000 |          0 |        0.000 |
|           i_dca_instance_0                                                   |     0.005 |      37 |     0.003 |    0 |  0.000 |     2961 |      0.001 |    3666 |    <0.001 |      0 |    0.000 |     0 |   0.000 |          0 |        0.000 |
|             i_dca_instance_07                                                |     0.003 |      37 |     0.002 |    0 |  0.000 |     1865 |     <0.001 |    2381 |    <0.001 |      0 |    0.000 |     0 |   0.000 |          0 |        0.000 |
|               i_dca_instance_0                                               |     0.001 |      37 |    <0.001 |    0 |  0.000 |      389 |     <0.001 |     646 |    <0.001 |      0 |    0.000 |     0 |   0.000 |          0 |        0.000 |
|               i_dca_instance_1                                               |     0.001 |      37 |    <0.001 |    0 |  0.000 |     1476 |     <0.001 |    1735 |    <0.001 |      0 |    0.000 |     0 |   0.000 |          0 |        0.000 |
|       i_dca_neugemm00_mc_mlsu                                                |     0.017 |      37 |     0.005 |    0 |  0.000 |     6126 |      0.006 |    7404 |     0.005 |      0 |    0.000 |     0 |   0.000 |          0 |        0.000 |
|         i_dca_instance_0                                                     |     0.017 |      37 |     0.005 |    0 |  0.000 |     6126 |      0.006 |    7404 |     0.005 |      0 |    0.000 |     0 |   0.000 |          0 |        0.000 |
|           i_dca_instance_0                                                   |     0.017 |      37 |     0.005 |    0 |  0.000 |     6126 |      0.006 |    7404 |     0.005 |      0 |    0.000 |     0 |   0.000 |          0 |        0.000 |
|             i_dca_instance_04                                                |     0.001 |      37 |    <0.001 |    0 |  0.000 |      402 |     <0.001 |     409 |    <0.001 |      0 |    0.000 |     0 |   0.000 |          0 |        0.000 |
|             i_dca_instance_05                                                |     0.002 |      37 |    <0.001 |    0 |  0.000 |     1062 |     <0.001 |    1100 |    <0.001 |      0 |    0.000 |     0 |   0.000 |          0 |        0.000 |
|               i_dca_instance_0                                               |     0.002 |      37 |    <0.001 |    0 |  0.000 |     1049 |     <0.001 |    1086 |    <0.001 |      0 |    0.000 |     0 |   0.000 |          0 |        0.000 |
|                 i_rvx_instance_2                                             |     0.002 |      37 |    <0.001 |    0 |  0.000 |      921 |     <0.001 |     952 |    <0.001 |      0 |    0.000 |     0 |   0.000 |          0 |        0.000 |
|             i_dca_instance_07                                                |     0.007 |      37 |     0.002 |    0 |  0.000 |     1868 |      0.002 |    2384 |     0.003 |      0 |    0.000 |     0 |   0.000 |          0 |        0.000 |
|               i_dca_instance_0                                               |     0.001 |      37 |    <0.001 |    0 |  0.000 |      389 |     <0.001 |     646 |    <0.001 |      0 |    0.000 |     0 |   0.000 |          0 |        0.000 |
|               i_dca_instance_1                                               |     0.006 |      37 |    <0.001 |    0 |  0.000 |     1479 |      0.002 |    1738 |     0.003 |      0 |    0.000 |     0 |   0.000 |          0 |        0.000 |
|                 i_dca_instance_0                                             |     0.005 |      37 |     0.000 |    0 |  0.000 |     1152 |      0.002 |    1408 |     0.003 |      0 |    0.000 |     0 |   0.000 |          0 |        0.000 |
|                   i_step[3].i_rvx_instance_1                                 |     0.001 |      37 |     0.000 |    0 |  0.000 |      336 |     <0.001 |     336 |    <0.001 |      0 |    0.000 |     0 |   0.000 |          0 |        0.000 |
|             i_dca_instance_10                                                |     0.003 |      37 |     0.001 |    0 |  0.000 |     1116 |     <0.001 |    1549 |    <0.001 |      0 |    0.000 |     0 |   0.000 |          0 |        0.000 |
|               i_dca_instance_4                                               |     0.001 |      37 |     0.001 |    0 |  0.000 |      589 |     <0.001 |     590 |    <0.001 |      0 |    0.000 |     0 |   0.000 |          0 |        0.000 |
|       i_inter_router_fifo00                                                  |     0.002 |      37 |     0.002 |    0 |  0.000 |      587 |     <0.001 |     873 |    <0.001 |      0 |    0.000 |     0 |   0.000 |          0 |        0.000 |
|         i_munoc_instance_0                                                   |     0.001 |      37 |    <0.001 |    0 |  0.000 |      279 |     <0.001 |     414 |    <0.001 |      0 |    0.000 |     0 |   0.000 |          0 |        0.000 |
|         i_munoc_instance_1                                                   |     0.001 |      37 |     0.001 |    0 |  0.000 |      308 |     <0.001 |     459 |    <0.001 |      0 |    0.000 |     0 |   0.000 |          0 |        0.000 |
|       i_main_core                                                            |     0.124 |      37 |     0.025 |    0 |  0.000 |    23178 |      0.038 |   28321 |     0.027 |     16 |    0.031 |     4 |   0.004 |          0 |        0.000 |
|         i_rocket                                                             |     0.123 |      37 |     0.024 |    0 |  0.000 |    22554 |      0.037 |   27623 |     0.027 |     16 |    0.031 |     4 |   0.004 |          0 |        0.000 |
|           core                                                               |     0.016 |      37 |     0.004 |    0 |  0.000 |     4968 |      0.006 |    6126 |     0.004 |      0 |    0.000 |     2 |   0.002 |          0 |        0.000 |
|             csr                                                              |     0.006 |      37 |     0.002 |    0 |  0.000 |     2850 |      0.002 |    3590 |     0.002 |      0 |    0.000 |     0 |   0.000 |          0 |        0.000 |
|             div                                                              |     0.005 |      37 |    <0.001 |    0 |  0.000 |      679 |      0.002 |     687 |     0.001 |      0 |    0.000 |     2 |   0.002 |          0 |        0.000 |
|           dcache                                                             |     0.027 |      37 |     0.005 |    0 |  0.000 |     4051 |      0.005 |    4180 |     0.001 |      8 |    0.016 |     0 |   0.000 |          0 |        0.000 |
|             data                                                             |     0.010 |      37 |    <0.001 |    0 |  0.000 |      279 |      0.001 |     153 |    <0.001 |      4 |    0.008 |     0 |   0.000 |          0 |        0.000 |
|               data_arrays_0                                                  |     0.010 |      37 |    <0.001 |    0 |  0.000 |      279 |      0.001 |     153 |    <0.001 |      4 |    0.008 |     0 |   0.000 |          0 |        0.000 |
|                 data_arrays_0_ext                                            |     0.010 |      37 |    <0.001 |    0 |  0.000 |      279 |      0.001 |     153 |    <0.001 |      4 |    0.008 |     0 |   0.000 |          0 |        0.000 |
|             tag_array                                                        |     0.009 |      37 |    <0.001 |    0 |  0.000 |      213 |      0.002 |     187 |    <0.001 |      4 |    0.007 |     0 |   0.000 |          0 |        0.000 |
|               tag_array_ext                                                  |     0.009 |      37 |    <0.001 |    0 |  0.000 |      213 |      0.002 |     187 |    <0.001 |      4 |    0.007 |     0 |   0.000 |          0 |        0.000 |
|           fpuOpt                                                             |     0.038 |      37 |     0.004 |    0 |  0.000 |     5685 |      0.016 |    8101 |     0.016 |      0 |    0.000 |     2 |   0.002 |          0 |        0.000 |
|             divSqrt                                                          |     0.007 |      37 |    <0.001 |    0 |  0.000 |     1207 |      0.002 |    2357 |     0.005 |      0 |    0.000 |     0 |   0.000 |          0 |        0.000 |
|               divSqrtRecFNToRaw                                              |     0.007 |      37 |    <0.001 |    0 |  0.000 |     1161 |      0.002 |    2343 |     0.005 |      0 |    0.000 |     0 |   0.000 |          0 |        0.000 |
|                 divSqrtRawFN_                                                |     0.007 |      37 |    <0.001 |    0 |  0.000 |     1161 |      0.002 |    2343 |     0.005 |      0 |    0.000 |     0 |   0.000 |          0 |        0.000 |
|             fpiu                                                             |     0.002 |      37 |    <0.001 |    0 |  0.000 |      530 |      0.001 |     613 |     0.001 |      0 |    0.000 |     0 |   0.000 |          0 |        0.000 |
|             fpmu                                                             |     0.003 |      37 |    <0.001 |    0 |  0.000 |      460 |     <0.001 |    1008 |     0.002 |      0 |    0.000 |     0 |   0.000 |          0 |        0.000 |
|             ifpu                                                             |     0.002 |      37 |    <0.001 |    0 |  0.000 |      436 |     <0.001 |     474 |    <0.001 |      0 |    0.000 |     0 |   0.000 |          0 |        0.000 |
|             sfma                                                             |     0.016 |      37 |    <0.001 |    0 |  0.000 |     1556 |      0.006 |    1852 |     0.007 |      0 |    0.000 |     2 |   0.002 |          0 |        0.000 |
|               fma                                                            |     0.014 |      37 |    <0.001 |    0 |  0.000 |     1325 |      0.006 |    1302 |     0.006 |      0 |    0.000 |     2 |   0.002 |          0 |        0.000 |
|                 mulAddRecFNToRaw_postMul                                     |     0.001 |      37 |     0.000 |    0 |  0.000 |      128 |     <0.001 |      87 |    <0.001 |      0 |    0.000 |     0 |   0.000 |          0 |        0.000 |
|                 mulAddRecFNToRaw_preMul                                      |     0.004 |      37 |     0.000 |    0 |  0.000 |      263 |      0.002 |     359 |     0.003 |      0 |    0.000 |     0 |   0.000 |          0 |        0.000 |
|                 roundRawFNToRecFN                                            |     0.001 |      37 |     0.000 |    0 |  0.000 |      245 |     <0.001 |     239 |    <0.001 |      0 |    0.000 |     0 |   0.000 |          0 |        0.000 |
|                   roundAnyRawFNToRecFN                                       |     0.001 |      37 |     0.000 |    0 |  0.000 |      245 |     <0.001 |     239 |    <0.001 |      0 |    0.000 |     0 |   0.000 |          0 |        0.000 |
|           frontend                                                           |     0.036 |      37 |     0.009 |    0 |  0.000 |     6940 |      0.008 |    7885 |     0.004 |      8 |    0.015 |     0 |   0.000 |          0 |        0.000 |
|             btb                                                              |     0.006 |      37 |     0.003 |    0 |  0.000 |     2317 |      0.001 |    2574 |     0.001 |      0 |    0.000 |     0 |   0.000 |          0 |        0.000 |
|             fq                                                               |     0.001 |      37 |     0.001 |    0 |  0.000 |     1123 |     <0.001 |    1479 |    <0.001 |      0 |    0.000 |     0 |   0.000 |          0 |        0.000 |
|             icache                                                           |     0.019 |      37 |    <0.001 |    0 |  0.000 |      948 |      0.002 |    1156 |    <0.001 |      8 |    0.015 |     0 |   0.000 |          0 |        0.000 |
|               data_arrays_0                                                  |     0.010 |      37 |    <0.001 |    0 |  0.000 |      395 |     <0.001 |     303 |    <0.001 |      4 |    0.008 |     0 |   0.000 |          0 |        0.000 |
|                 data_arrays_0_0_ext                                          |     0.010 |      37 |    <0.001 |    0 |  0.000 |      395 |     <0.001 |     303 |    <0.001 |      4 |    0.008 |     0 |   0.000 |          0 |        0.000 |
|               tag_array                                                      |     0.008 |      37 |    <0.001 |    0 |  0.000 |      103 |     <0.001 |      47 |    <0.001 |      4 |    0.007 |     0 |   0.000 |          0 |        0.000 |
|                 tag_array_0_ext                                              |     0.008 |      37 |    <0.001 |    0 |  0.000 |      103 |     <0.001 |      47 |    <0.001 |      4 |    0.007 |     0 |   0.000 |          0 |        0.000 |
|             tlb                                                              |     0.006 |      37 |     0.003 |    0 |  0.000 |     2113 |      0.001 |    2163 |     0.001 |      0 |    0.000 |     0 |   0.000 |          0 |        0.000 |
|           ptw                                                                |     0.005 |      37 |     0.001 |    0 |  0.000 |      858 |      0.003 |    1268 |     0.001 |      0 |    0.000 |     0 |   0.000 |          0 |        0.000 |
|         i_tl2axi                                                             |     0.001 |      37 |    <0.001 |    0 |  0.000 |      624 |     <0.001 |     698 |    <0.001 |      0 |    0.000 |     0 |   0.000 |          0 |        0.000 |
|           i_rvx_instance_1                                                   |     0.001 |      37 |    <0.001 |    0 |  0.000 |      493 |     <0.001 |     526 |    <0.001 |      0 |    0.000 |     0 |   0.000 |          0 |        0.000 |
|             i_rvx_instance_0                                                 |     0.001 |      37 |    <0.001 |    0 |  0.000 |      473 |     <0.001 |     505 |    <0.001 |      0 |    0.000 |     0 |   0.000 |          0 |        0.000 |
|       i_mnim_i_dca_neugemm00_ma_mlsu_noc_part                                |     0.003 |      37 |     0.002 |    0 |  0.000 |     1219 |     <0.001 |    1344 |    <0.001 |      0 |    0.000 |     0 |   0.000 |          0 |        0.000 |
|         i_munoc_instance_0                                                   |     0.001 |      37 |     0.001 |    0 |  0.000 |      556 |     <0.001 |     579 |    <0.001 |      0 |    0.000 |     0 |   0.000 |          0 |        0.000 |
|           i_rvx_instance_0                                                   |     0.001 |      37 |    <0.001 |    0 |  0.000 |      534 |     <0.001 |     547 |    <0.001 |      0 |    0.000 |     0 |   0.000 |          0 |        0.000 |
|             i_rvx_instance_1                                                 |     0.001 |      37 |    <0.001 |    0 |  0.000 |      529 |     <0.001 |     538 |    <0.001 |      0 |    0.000 |     0 |   0.000 |          0 |        0.000 |
|         i_munoc_instance_1                                                   |     0.002 |      37 |     0.001 |    0 |  0.000 |      663 |     <0.001 |     765 |    <0.001 |      0 |    0.000 |     0 |   0.000 |          0 |        0.000 |
|           i_munoc_instance_0                                                 |     0.002 |      37 |     0.001 |    0 |  0.000 |      662 |     <0.001 |     763 |    <0.001 |      0 |    0.000 |     0 |   0.000 |          0 |        0.000 |
|             i_munoc_instance_07                                              |     0.001 |      37 |     0.001 |    0 |  0.000 |      342 |     <0.001 |     377 |    <0.001 |      0 |    0.000 |     0 |   0.000 |          0 |        0.000 |
|               i_munoc_instance_1                                             |     0.001 |      37 |    <0.001 |    0 |  0.000 |      284 |     <0.001 |     294 |    <0.001 |      0 |    0.000 |     0 |   0.000 |          0 |        0.000 |
|                 i_gen_buffer[0].i_munoc_instance_1                           |     0.001 |      37 |    <0.001 |    0 |  0.000 |      284 |     <0.001 |     294 |    <0.001 |      0 |    0.000 |     0 |   0.000 |          0 |        0.000 |
|       i_mnim_i_dca_neugemm00_mb_mlsu_noc_part                                |     0.003 |      37 |     0.002 |    0 |  0.000 |     1202 |     <0.001 |    1331 |    <0.001 |      0 |    0.000 |     0 |   0.000 |          0 |        0.000 |
|         i_munoc_instance_0                                                   |     0.001 |      37 |     0.001 |    0 |  0.000 |      419 |     <0.001 |     437 |    <0.001 |      0 |    0.000 |     0 |   0.000 |          0 |        0.000 |
|           i_rvx_instance_0                                                   |     0.001 |      37 |    <0.001 |    0 |  0.000 |      402 |     <0.001 |     414 |    <0.001 |      0 |    0.000 |     0 |   0.000 |          0 |        0.000 |
|             i_rvx_instance_1                                                 |     0.001 |      37 |    <0.001 |    0 |  0.000 |      399 |     <0.001 |     408 |    <0.001 |      0 |    0.000 |     0 |   0.000 |          0 |        0.000 |
|         i_munoc_instance_1                                                   |     0.002 |      37 |     0.001 |    0 |  0.000 |      639 |     <0.001 |     736 |    <0.001 |      0 |    0.000 |     0 |   0.000 |          0 |        0.000 |
|           i_munoc_instance_0                                                 |     0.002 |      37 |     0.001 |    0 |  0.000 |      637 |     <0.001 |     732 |    <0.001 |      0 |    0.000 |     0 |   0.000 |          0 |        0.000 |
|             i_munoc_instance_07                                              |     0.001 |      37 |     0.001 |    0 |  0.000 |      338 |     <0.001 |     366 |    <0.001 |      0 |    0.000 |     0 |   0.000 |          0 |        0.000 |
|       i_mnim_i_dca_neugemm00_mc_mlsu_noc_part                                |     0.006 |      37 |     0.004 |    0 |  0.000 |     1789 |      0.002 |    2072 |    <0.001 |      0 |    0.000 |     0 |   0.000 |          0 |        0.000 |
|         i_munoc_instance_0                                                   |     0.002 |      37 |     0.001 |    0 |  0.000 |      600 |     <0.001 |     650 |    <0.001 |      0 |    0.000 |     0 |   0.000 |          0 |        0.000 |
|           i_rvx_instance_0                                                   |     0.002 |      37 |     0.001 |    0 |  0.000 |      552 |     <0.001 |     577 |    <0.001 |      0 |    0.000 |     0 |   0.000 |          0 |        0.000 |
|             i_rvx_instance_1                                                 |     0.002 |      37 |    <0.001 |    0 |  0.000 |      531 |     <0.001 |     541 |    <0.001 |      0 |    0.000 |     0 |   0.000 |          0 |        0.000 |
|               i_rvx_instance_2                                               |     0.001 |      37 |    <0.001 |    0 |  0.000 |      135 |     <0.001 |     137 |    <0.001 |      0 |    0.000 |     0 |   0.000 |          0 |        0.000 |
|         i_munoc_instance_1                                                   |     0.004 |      37 |     0.002 |    0 |  0.000 |     1189 |     <0.001 |    1422 |    <0.001 |      0 |    0.000 |     0 |   0.000 |          0 |        0.000 |
|           i_munoc_instance_0                                                 |     0.004 |      37 |     0.002 |    0 |  0.000 |     1188 |     <0.001 |    1420 |    <0.001 |      0 |    0.000 |     0 |   0.000 |          0 |        0.000 |
|             i_munoc_instance_07                                              |     0.001 |      37 |     0.001 |    0 |  0.000 |      344 |     <0.001 |     369 |    <0.001 |      0 |    0.000 |     0 |   0.000 |          0 |        0.000 |
|       i_mnim_i_main_core_no_name                                             |     0.003 |      37 |     0.002 |    0 |  0.000 |     1126 |     <0.001 |    1332 |    <0.001 |      0 |    0.000 |     0 |   0.000 |          0 |        0.000 |
|       i_mnim_platform_controller_master                                      |     0.003 |      37 |     0.003 |    0 |  0.000 |     1250 |     <0.001 |    1533 |    <0.001 |      0 |    0.000 |     0 |   0.000 |          0 |        0.000 |
|         i_munoc_instance_07                                                  |     0.001 |      37 |     0.001 |    0 |  0.000 |      449 |     <0.001 |     610 |    <0.001 |      0 |    0.000 |     0 |   0.000 |          0 |        0.000 |
|       i_snim_common_peri_group_no_name                                       |     0.005 |      37 |     0.004 |    0 |  0.000 |     1991 |     <0.001 |    2510 |    <0.001 |      0 |    0.000 |     0 |   0.000 |          0 |        0.000 |
|         i_munoc_instance_0                                                   |     0.001 |      37 |    <0.001 |    0 |  0.000 |      531 |     <0.001 |     567 |    <0.001 |      0 |    0.000 |     0 |   0.000 |          0 |        0.000 |
|           i_munoc_instance_3                                                 |     0.001 |      37 |    <0.001 |    0 |  0.000 |      531 |     <0.001 |     563 |    <0.001 |      0 |    0.000 |     0 |   0.000 |          0 |        0.000 |
|         i_munoc_instance_1                                                   |     0.004 |      37 |     0.003 |    0 |  0.000 |     1403 |     <0.001 |    1805 |    <0.001 |      0 |    0.000 |     0 |   0.000 |          0 |        0.000 |
|           i_munoc_instance_1                                                 |     0.001 |      37 |    <0.001 |    0 |  0.000 |      368 |     <0.001 |     545 |    <0.001 |      0 |    0.000 |     0 |   0.000 |          0 |        0.000 |
|           i_munoc_instance_2                                                 |     0.002 |      37 |     0.002 |    0 |  0.000 |      622 |     <0.001 |     754 |    <0.001 |      0 |    0.000 |     0 |   0.000 |          0 |        0.000 |
|             i_munoc_instance_0                                               |     0.001 |      37 |     0.001 |    0 |  0.000 |      467 |     <0.001 |     588 |    <0.001 |      0 |    0.000 |     0 |   0.000 |          0 |        0.000 |
|               i_gen_buffer[0].i_munoc_instance_1                             |     0.001 |      37 |     0.001 |    0 |  0.000 |      467 |     <0.001 |     588 |    <0.001 |      0 |    0.000 |     0 |   0.000 |          0 |        0.000 |
|       i_snim_external_peri_group_no_name                                     |     0.006 |      37 |     0.004 |    0 |  0.000 |     2410 |      0.001 |    2940 |    <0.001 |      0 |    0.000 |     0 |   0.000 |          0 |        0.000 |
|         i_munoc_instance_0                                                   |     0.001 |      37 |    <0.001 |    0 |  0.000 |      711 |     <0.001 |     767 |    <0.001 |      0 |    0.000 |     0 |   0.000 |          0 |        0.000 |
|           i_munoc_instance_3                                                 |     0.001 |      37 |    <0.001 |    0 |  0.000 |      711 |     <0.001 |     763 |    <0.001 |      0 |    0.000 |     0 |   0.000 |          0 |        0.000 |
|             i_munoc_instance_1                                               |     0.001 |      37 |    <0.001 |    0 |  0.000 |      503 |     <0.001 |     539 |    <0.001 |      0 |    0.000 |     0 |   0.000 |          0 |        0.000 |
|         i_munoc_instance_1                                                   |     0.005 |      37 |     0.004 |    0 |  0.000 |     1641 |     <0.001 |    2035 |    <0.001 |      0 |    0.000 |     0 |   0.000 |          0 |        0.000 |
|           i_munoc_instance_1                                                 |     0.001 |      37 |    <0.001 |    0 |  0.000 |      368 |     <0.001 |     545 |    <0.001 |      0 |    0.000 |     0 |   0.000 |          0 |        0.000 |
|           i_munoc_instance_2                                                 |     0.002 |      37 |     0.002 |    0 |  0.000 |      837 |     <0.001 |     960 |    <0.001 |      0 |    0.000 |     0 |   0.000 |          0 |        0.000 |
|             i_munoc_instance_0                                               |     0.001 |      37 |     0.001 |    0 |  0.000 |      430 |     <0.001 |     543 |    <0.001 |      0 |    0.000 |     0 |   0.000 |          0 |        0.000 |
|               i_gen_buffer[0].i_munoc_instance_1                             |     0.001 |      37 |     0.001 |    0 |  0.000 |      430 |     <0.001 |     543 |    <0.001 |      0 |    0.000 |     0 |   0.000 |          0 |        0.000 |
|           i_munoc_instance_7                                                 |     0.001 |      37 |    <0.001 |    0 |  0.000 |      207 |     <0.001 |     237 |    <0.001 |      0 |    0.000 |     0 |   0.000 |          0 |        0.000 |
|       i_snim_i_dca_neugemm00_control_mmiox1_interface_mmio                   |     0.009 |      37 |     0.004 |    0 |  0.000 |     2161 |      0.004 |    2659 |    <0.001 |      0 |    0.000 |     0 |   0.000 |          0 |        0.000 |
|         i_munoc_instance_0                                                   |     0.001 |      37 |    <0.001 |    0 |  0.000 |      524 |     <0.001 |     563 |    <0.001 |      0 |    0.000 |     0 |   0.000 |          0 |        0.000 |
|           i_munoc_instance_3                                                 |     0.001 |      37 |    <0.001 |    0 |  0.000 |      524 |     <0.001 |     559 |    <0.001 |      0 |    0.000 |     0 |   0.000 |          0 |        0.000 |
|         i_munoc_instance_1                                                   |     0.008 |      37 |     0.003 |    0 |  0.000 |     1576 |      0.004 |    1965 |    <0.001 |      0 |    0.000 |     0 |   0.000 |          0 |        0.000 |
|           i_munoc_instance_1                                                 |     0.001 |      37 |    <0.001 |    0 |  0.000 |      368 |     <0.001 |     545 |    <0.001 |      0 |    0.000 |     0 |   0.000 |          0 |        0.000 |
|           i_munoc_instance_2                                                 |     0.002 |      37 |     0.002 |    0 |  0.000 |      801 |     <0.001 |     917 |    <0.001 |      0 |    0.000 |     0 |   0.000 |          0 |        0.000 |
|             i_munoc_instance_0                                               |     0.001 |      37 |     0.001 |    0 |  0.000 |      393 |     <0.001 |     500 |    <0.001 |      0 |    0.000 |     0 |   0.000 |          0 |        0.000 |
|               i_gen_buffer[0].i_munoc_instance_1                             |     0.001 |      37 |     0.001 |    0 |  0.000 |      393 |     <0.001 |     500 |    <0.001 |      0 |    0.000 |     0 |   0.000 |          0 |        0.000 |
|           i_munoc_instance_7                                                 |     0.004 |      37 |    <0.001 |    0 |  0.000 |      181 |      0.004 |     210 |    <0.001 |      0 |    0.000 |     0 |   0.000 |          0 |        0.000 |
|             i_munoc_instance_0                                               |     0.004 |      37 |    <0.001 |    0 |  0.000 |       75 |      0.004 |      86 |    <0.001 |      0 |    0.000 |     0 |   0.000 |          0 |        0.000 |
|       i_snim_i_system_ddr_no_name                                            |     0.009 |      37 |     0.007 |    0 |  0.000 |     3114 |      0.001 |    3464 |    <0.001 |      0 |    0.000 |     0 |   0.000 |          0 |        0.000 |
|         i_munoc_instance_0                                                   |     0.009 |      37 |     0.007 |    0 |  0.000 |     3114 |      0.001 |    3459 |    <0.001 |      0 |    0.000 |     0 |   0.000 |          0 |        0.000 |
|           i_munoc_instance_1                                                 |     0.002 |      37 |     0.002 |    0 |  0.000 |      888 |     <0.001 |     907 |    <0.001 |      0 |    0.000 |     0 |   0.000 |          0 |        0.000 |
|           i_munoc_instance_2                                                 |     0.004 |      37 |     0.003 |    0 |  0.000 |     1666 |     <0.001 |    1745 |    <0.001 |      0 |    0.000 |     0 |   0.000 |          0 |        0.000 |
|             i_munoc_instance_0                                               |     0.002 |      37 |     0.002 |    0 |  0.000 |      750 |     <0.001 |     825 |    <0.001 |      0 |    0.000 |     0 |   0.000 |          0 |        0.000 |
|               i_gen_buffer[0].i_munoc_instance_0                             |     0.002 |      37 |     0.002 |    0 |  0.000 |      750 |     <0.001 |     825 |    <0.001 |      0 |    0.000 |     0 |   0.000 |          0 |        0.000 |
|             i_munoc_instance_2                                               |     0.002 |      37 |     0.002 |    0 |  0.000 |      914 |     <0.001 |     917 |    <0.001 |      0 |    0.000 |     0 |   0.000 |          0 |        0.000 |
|               i_gen_buffer[0].i_munoc_instance_0                             |     0.002 |      37 |     0.002 |    0 |  0.000 |      914 |     <0.001 |     917 |    <0.001 |      0 |    0.000 |     0 |   0.000 |          0 |        0.000 |
|       i_snim_i_system_sram_no_name                                           |     0.007 |      37 |     0.006 |    0 |  0.000 |     2922 |     <0.001 |    3289 |    <0.001 |      0 |    0.000 |     0 |   0.000 |          0 |        0.000 |
|         i_munoc_instance_0                                                   |     0.007 |      37 |     0.006 |    0 |  0.000 |     2922 |     <0.001 |    3284 |    <0.001 |      0 |    0.000 |     0 |   0.000 |          0 |        0.000 |
|           i_munoc_instance_1                                                 |     0.002 |      37 |     0.002 |    0 |  0.000 |      876 |     <0.001 |     895 |    <0.001 |      0 |    0.000 |     0 |   0.000 |          0 |        0.000 |
|           i_munoc_instance_2                                                 |     0.004 |      37 |     0.003 |    0 |  0.000 |     1515 |     <0.001 |    1601 |    <0.001 |      0 |    0.000 |     0 |   0.000 |          0 |        0.000 |
|             i_munoc_instance_0                                               |     0.001 |      37 |     0.001 |    0 |  0.000 |      600 |     <0.001 |     681 |    <0.001 |      0 |    0.000 |     0 |   0.000 |          0 |        0.000 |
|               i_gen_buffer[0].i_munoc_instance_0                             |     0.001 |      37 |     0.001 |    0 |  0.000 |      600 |     <0.001 |     681 |    <0.001 |      0 |    0.000 |     0 |   0.000 |          0 |        0.000 |
|             i_munoc_instance_2                                               |     0.002 |      37 |     0.002 |    0 |  0.000 |      913 |     <0.001 |     917 |    <0.001 |      0 |    0.000 |     0 |   0.000 |          0 |        0.000 |
|               i_gen_buffer[0].i_munoc_instance_0                             |     0.002 |      37 |     0.002 |    0 |  0.000 |      913 |     <0.001 |     917 |    <0.001 |      0 |    0.000 |     0 |   0.000 |          0 |        0.000 |
|       i_snim_platform_controller_no_name                                     |     0.006 |      37 |     0.005 |    0 |  0.000 |     2262 |     <0.001 |    2788 |    <0.001 |      0 |    0.000 |     0 |   0.000 |          0 |        0.000 |
|         i_munoc_instance_0                                                   |     0.001 |      37 |    <0.001 |    0 |  0.000 |      479 |     <0.001 |     515 |    <0.001 |      0 |    0.000 |     0 |   0.000 |          0 |        0.000 |
|           i_munoc_instance_3                                                 |     0.001 |      37 |    <0.001 |    0 |  0.000 |      479 |     <0.001 |     511 |    <0.001 |      0 |    0.000 |     0 |   0.000 |          0 |        0.000 |
|         i_munoc_instance_1                                                   |     0.004 |      37 |     0.004 |    0 |  0.000 |     1720 |     <0.001 |    2130 |    <0.001 |      0 |    0.000 |     0 |   0.000 |          0 |        0.000 |
|           i_munoc_instance_1                                                 |     0.001 |      37 |    <0.001 |    0 |  0.000 |      368 |     <0.001 |     545 |    <0.001 |      0 |    0.000 |     0 |   0.000 |          0 |        0.000 |
|           i_munoc_instance_2                                                 |     0.002 |      37 |     0.002 |    0 |  0.000 |      910 |     <0.001 |    1049 |    <0.001 |      0 |    0.000 |     0 |   0.000 |          0 |        0.000 |
|             i_munoc_instance_0                                               |     0.001 |      37 |     0.001 |    0 |  0.000 |      503 |     <0.001 |     632 |    <0.001 |      0 |    0.000 |     0 |   0.000 |          0 |        0.000 |
|               i_gen_buffer[0].i_munoc_instance_1                             |     0.001 |      37 |     0.001 |    0 |  0.000 |      503 |     <0.001 |     632 |    <0.001 |      0 |    0.000 |     0 |   0.000 |          0 |        0.000 |
|       i_system_router                                                        |     0.004 |      37 |     0.003 |    0 |  0.000 |     1340 |      0.001 |    1390 |    <0.001 |      0 |    0.000 |     0 |   0.000 |          0 |        0.000 |
|         i_munoc_instance_0                                                   |     0.001 |      37 |    <0.001 |    0 |  0.000 |      165 |     <0.001 |     166 |    <0.001 |      0 |    0.000 |     0 |   0.000 |          0 |        0.000 |
|           i_input_port_with_routinhg_info[0].i_munoc_instance_1              |     0.001 |      37 |    <0.001 |    0 |  0.000 |      165 |     <0.001 |     166 |    <0.001 |      0 |    0.000 |     0 |   0.000 |          0 |        0.000 |
|             i_munoc_instance_1                                               |     0.001 |      37 |    <0.001 |    0 |  0.000 |      160 |     <0.001 |     161 |    <0.001 |      0 |    0.000 |     0 |   0.000 |          0 |        0.000 |
|         i_munoc_instance_1                                                   |     0.003 |      37 |     0.003 |    0 |  0.000 |     1175 |     <0.001 |    1224 |    <0.001 |      0 |    0.000 |     0 |   0.000 |          0 |        0.000 |
|       i_user_router                                                          |     0.003 |      37 |     0.002 |    0 |  0.000 |     1659 |     <0.001 |    1731 |    <0.001 |      0 |    0.000 |     0 |   0.000 |          0 |        0.000 |
|         i_munoc_instance_0                                                   |     0.002 |      37 |     0.001 |    0 |  0.000 |      831 |     <0.001 |     860 |    <0.001 |      0 |    0.000 |     0 |   0.000 |          0 |        0.000 |
|         i_munoc_instance_1                                                   |     0.002 |      37 |    <0.001 |    0 |  0.000 |      828 |     <0.001 |     871 |    <0.001 |      0 |    0.000 |     0 |   0.000 |          0 |        0.000 |
|       platform_controller                                                    |     0.024 |      37 |     0.012 |    0 |  0.000 |     5673 |      0.007 |    7537 |     0.005 |      0 |    0.000 |     0 |   0.000 |          0 |        0.000 |
|         i_rvx_instance_0                                                     |     0.023 |      37 |     0.011 |    0 |  0.000 |     5240 |      0.007 |    6982 |     0.005 |      0 |    0.000 |     0 |   0.000 |          0 |        0.000 |
|           i_rvx_instance_2                                                   |     0.002 |      37 |    <0.001 |    0 |  0.000 |      249 |      0.001 |     284 |    <0.001 |      0 |    0.000 |     0 |   0.000 |          0 |        0.000 |
|           i_rvx_instance_3                                                   |     0.020 |      37 |     0.011 |    0 |  0.000 |     4700 |      0.005 |    6310 |     0.005 |      0 |    0.000 |     0 |   0.000 |          0 |        0.000 |
|             i_rvx_instance_2                                                 |     0.009 |      37 |     0.005 |    0 |  0.000 |     2284 |      0.002 |    3100 |     0.002 |      0 |    0.000 |     0 |   0.000 |          0 |        0.000 |
|               i_rvx_instance_2                                               |     0.001 |      37 |    <0.001 |    0 |  0.000 |       22 |      0.001 |      24 |    <0.001 |      0 |    0.000 |     0 |   0.000 |          0 |        0.000 |
|               i_rvx_instance_4                                               |     0.001 |      37 |     0.000 |    0 |  0.000 |      128 |     <0.001 |     928 |     0.001 |      0 |    0.000 |     0 |   0.000 |          0 |        0.000 |
|             i_rvx_instance_3                                                 |     0.012 |      37 |     0.005 |    0 |  0.000 |     2342 |      0.003 |    3133 |     0.003 |      0 |    0.000 |     0 |   0.000 |          0 |        0.000 |
|               i_rvx_instance_2                                               |     0.003 |      37 |    <0.001 |    0 |  0.000 |       21 |      0.003 |      22 |    <0.001 |      0 |    0.000 |     0 |   0.000 |          0 |        0.000 |
|               i_rvx_instance_4                                               |     0.003 |      37 |     0.000 |    0 |  0.000 |      160 |     <0.001 |     928 |     0.002 |      0 |    0.000 |     0 |   0.000 |          0 |        0.000 |
|     i_system_ddr                                                             |     1.055 |      37 |     0.038 |  245 |  0.526 |    14812 |      0.022 |   18935 |     0.014 |      0 |    0.000 |     0 |   0.000 |          2 |        0.187 |
|       u_xilinx_ddr3_ctrl_axi32                                               |     1.055 |      37 |     0.038 |  245 |  0.526 |    14812 |      0.022 |   18935 |     0.014 |      0 |    0.000 |     0 |   0.000 |          2 |        0.187 |
|         u_xilinx_ddr3_ctrl_axi32_mig                                         |     1.055 |      37 |     0.037 |  245 |  0.526 |    14752 |      0.022 |   18845 |     0.014 |      0 |    0.000 |     0 |   0.000 |          2 |        0.187 |
|           u_ddr3_infrastructure                                              |     0.188 |      37 |    <0.001 |    0 |  0.000 |       49 |     <0.001 |      50 |    <0.001 |      0 |    0.000 |     0 |   0.000 |          2 |        0.187 |
|           u_iodelay_ctrl                                                     |     0.003 |      37 |     0.003 |    1 |  0.000 |       17 |      0.000 |      18 |     0.000 |      0 |    0.000 |     0 |   0.000 |          0 |        0.000 |
|           u_memc_ui_top_axi                                                  |     0.863 |      37 |     0.033 |  244 |  0.526 |    14603 |      0.022 |   18671 |     0.014 |      0 |    0.000 |     0 |   0.000 |          0 |        0.000 |
|             mem_intfc0                                                       |     0.841 |      37 |     0.018 |  244 |  0.526 |     8968 |      0.017 |   10732 |     0.011 |      0 |    0.000 |     0 |   0.000 |          0 |        0.000 |
|               ddr_phy_top0                                                   |     0.833 |      37 |     0.016 |  244 |  0.526 |     7987 |      0.013 |    9403 |     0.010 |      0 |    0.000 |     0 |   0.000 |          0 |        0.000 |
|                 u_ddr_calib_top                                              |     0.026 |      37 |     0.009 |    0 |  0.000 |     5291 |      0.009 |    6858 |     0.008 |      0 |    0.000 |     0 |   0.000 |          0 |        0.000 |
|                   ddr_phy_prbs_rdlvl_gen.u_ddr_phy_prbs_rdlvl                |     0.003 |      37 |     0.001 |    0 |  0.000 |      492 |     <0.001 |     562 |    <0.001 |      0 |    0.000 |     0 |   0.000 |          0 |        0.000 |
|                   ddr_phy_rdlvl_gen.u_ddr_phy_rdlvl                          |     0.006 |      37 |     0.003 |    0 |  0.000 |     1194 |      0.002 |    1630 |     0.001 |      0 |    0.000 |     0 |   0.000 |          0 |        0.000 |
|                   dqsfind_calib_right.u_ddr_phy_dqs_found_cal                |     0.001 |      37 |    <0.001 |    0 |  0.000 |      271 |     <0.001 |     365 |    <0.001 |      0 |    0.000 |     0 |   0.000 |          0 |        0.000 |
|                   mb_wrlvl_inst.u_ddr_phy_wrlvl                              |     0.003 |      37 |    <0.001 |    0 |  0.000 |      545 |     <0.001 |     697 |     0.001 |      0 |    0.000 |     0 |   0.000 |          0 |        0.000 |
|                   u_ddr_phy_init                                             |     0.009 |      37 |     0.001 |    0 |  0.000 |     1810 |      0.004 |    2052 |     0.003 |      0 |    0.000 |     0 |   0.000 |          0 |        0.000 |
|                   u_ddr_phy_wrcal                                            |     0.002 |      37 |     0.001 |    0 |  0.000 |      392 |     <0.001 |     507 |    <0.001 |      0 |    0.000 |     0 |   0.000 |          0 |        0.000 |
|                 u_ddr_mc_phy_wrapper                                         |     0.807 |      37 |     0.007 |  244 |  0.526 |     2696 |      0.004 |    2545 |     0.002 |      0 |    0.000 |     0 |   0.000 |          0 |        0.000 |
|                   gen_dq_iobuf_HP.gen_dq_iobuf[0].u_iobuf_dq                 |     0.009 |      37 |     0.000 |    2 |  0.009 |        1 |      0.000 |       0 |     0.000 |      0 |    0.000 |     0 |   0.000 |          0 |        0.000 |
|                   gen_dq_iobuf_HP.gen_dq_iobuf[10].u_iobuf_dq                |     0.008 |      37 |     0.000 |    2 |  0.008 |        1 |      0.000 |       0 |     0.000 |      0 |    0.000 |     0 |   0.000 |          0 |        0.000 |
|                   gen_dq_iobuf_HP.gen_dq_iobuf[11].u_iobuf_dq                |     0.008 |      37 |     0.000 |    2 |  0.008 |        1 |      0.000 |       0 |     0.000 |      0 |    0.000 |     0 |   0.000 |          0 |        0.000 |
|                   gen_dq_iobuf_HP.gen_dq_iobuf[12].u_iobuf_dq                |     0.008 |      37 |     0.000 |    2 |  0.008 |        1 |      0.000 |       0 |     0.000 |      0 |    0.000 |     0 |   0.000 |          0 |        0.000 |
|                   gen_dq_iobuf_HP.gen_dq_iobuf[13].u_iobuf_dq                |     0.008 |      37 |     0.000 |    2 |  0.008 |        1 |      0.000 |       0 |     0.000 |      0 |    0.000 |     0 |   0.000 |          0 |        0.000 |
|                   gen_dq_iobuf_HP.gen_dq_iobuf[14].u_iobuf_dq                |     0.008 |      37 |     0.000 |    2 |  0.008 |        1 |      0.000 |       0 |     0.000 |      0 |    0.000 |     0 |   0.000 |          0 |        0.000 |
|                   gen_dq_iobuf_HP.gen_dq_iobuf[15].u_iobuf_dq                |     0.008 |      37 |     0.000 |    2 |  0.008 |        1 |      0.000 |       0 |     0.000 |      0 |    0.000 |     0 |   0.000 |          0 |        0.000 |
|                   gen_dq_iobuf_HP.gen_dq_iobuf[16].u_iobuf_dq                |     0.008 |      37 |     0.000 |    2 |  0.008 |        1 |      0.000 |       0 |     0.000 |      0 |    0.000 |     0 |   0.000 |          0 |        0.000 |
|                   gen_dq_iobuf_HP.gen_dq_iobuf[17].u_iobuf_dq                |     0.009 |      37 |     0.000 |    2 |  0.009 |        1 |      0.000 |       0 |     0.000 |      0 |    0.000 |     0 |   0.000 |          0 |        0.000 |
|                   gen_dq_iobuf_HP.gen_dq_iobuf[18].u_iobuf_dq                |     0.008 |      37 |     0.000 |    2 |  0.008 |        1 |      0.000 |       0 |     0.000 |      0 |    0.000 |     0 |   0.000 |          0 |        0.000 |
|                   gen_dq_iobuf_HP.gen_dq_iobuf[19].u_iobuf_dq                |     0.008 |      37 |     0.000 |    2 |  0.008 |        1 |      0.000 |       0 |     0.000 |      0 |    0.000 |     0 |   0.000 |          0 |        0.000 |
|                   gen_dq_iobuf_HP.gen_dq_iobuf[1].u_iobuf_dq                 |     0.008 |      37 |     0.000 |    2 |  0.008 |        1 |      0.000 |       0 |     0.000 |      0 |    0.000 |     0 |   0.000 |          0 |        0.000 |
|                   gen_dq_iobuf_HP.gen_dq_iobuf[20].u_iobuf_dq                |     0.008 |      37 |     0.000 |    2 |  0.008 |        1 |      0.000 |       0 |     0.000 |      0 |    0.000 |     0 |   0.000 |          0 |        0.000 |
|                   gen_dq_iobuf_HP.gen_dq_iobuf[21].u_iobuf_dq                |     0.008 |      37 |     0.000 |    2 |  0.008 |        1 |      0.000 |       0 |     0.000 |      0 |    0.000 |     0 |   0.000 |          0 |        0.000 |
|                   gen_dq_iobuf_HP.gen_dq_iobuf[22].u_iobuf_dq                |     0.008 |      37 |     0.000 |    2 |  0.008 |        1 |      0.000 |       0 |     0.000 |      0 |    0.000 |     0 |   0.000 |          0 |        0.000 |
|                   gen_dq_iobuf_HP.gen_dq_iobuf[23].u_iobuf_dq                |     0.008 |      37 |     0.000 |    2 |  0.008 |        1 |      0.000 |       0 |     0.000 |      0 |    0.000 |     0 |   0.000 |          0 |        0.000 |
|                   gen_dq_iobuf_HP.gen_dq_iobuf[24].u_iobuf_dq                |     0.008 |      37 |     0.000 |    2 |  0.008 |        1 |      0.000 |       0 |     0.000 |      0 |    0.000 |     0 |   0.000 |          0 |        0.000 |
|                   gen_dq_iobuf_HP.gen_dq_iobuf[25].u_iobuf_dq                |     0.008 |      37 |     0.000 |    2 |  0.008 |        1 |      0.000 |       0 |     0.000 |      0 |    0.000 |     0 |   0.000 |          0 |        0.000 |
|                   gen_dq_iobuf_HP.gen_dq_iobuf[26].u_iobuf_dq                |     0.008 |      37 |     0.000 |    2 |  0.008 |        1 |      0.000 |       0 |     0.000 |      0 |    0.000 |     0 |   0.000 |          0 |        0.000 |
|                   gen_dq_iobuf_HP.gen_dq_iobuf[27].u_iobuf_dq                |     0.008 |      37 |     0.000 |    2 |  0.008 |        1 |      0.000 |       0 |     0.000 |      0 |    0.000 |     0 |   0.000 |          0 |        0.000 |
|                   gen_dq_iobuf_HP.gen_dq_iobuf[28].u_iobuf_dq                |     0.009 |      37 |     0.000 |    2 |  0.009 |        1 |      0.000 |       0 |     0.000 |      0 |    0.000 |     0 |   0.000 |          0 |        0.000 |
|                   gen_dq_iobuf_HP.gen_dq_iobuf[29].u_iobuf_dq                |     0.008 |      37 |     0.000 |    2 |  0.008 |        1 |      0.000 |       0 |     0.000 |      0 |    0.000 |     0 |   0.000 |          0 |        0.000 |
|                   gen_dq_iobuf_HP.gen_dq_iobuf[2].u_iobuf_dq                 |     0.008 |      37 |     0.000 |    2 |  0.008 |        1 |      0.000 |       0 |     0.000 |      0 |    0.000 |     0 |   0.000 |          0 |        0.000 |
|                   gen_dq_iobuf_HP.gen_dq_iobuf[30].u_iobuf_dq                |     0.008 |      37 |     0.000 |    2 |  0.008 |        1 |      0.000 |       0 |     0.000 |      0 |    0.000 |     0 |   0.000 |          0 |        0.000 |
|                   gen_dq_iobuf_HP.gen_dq_iobuf[31].u_iobuf_dq                |     0.008 |      37 |     0.000 |    2 |  0.008 |        1 |      0.000 |       0 |     0.000 |      0 |    0.000 |     0 |   0.000 |          0 |        0.000 |
|                   gen_dq_iobuf_HP.gen_dq_iobuf[3].u_iobuf_dq                 |     0.008 |      37 |     0.000 |    2 |  0.008 |        1 |      0.000 |       0 |     0.000 |      0 |    0.000 |     0 |   0.000 |          0 |        0.000 |
|                   gen_dq_iobuf_HP.gen_dq_iobuf[4].u_iobuf_dq                 |     0.008 |      37 |     0.000 |    2 |  0.008 |        1 |      0.000 |       0 |     0.000 |      0 |    0.000 |     0 |   0.000 |          0 |        0.000 |
|                   gen_dq_iobuf_HP.gen_dq_iobuf[5].u_iobuf_dq                 |     0.008 |      37 |     0.000 |    2 |  0.008 |        1 |      0.000 |       0 |     0.000 |      0 |    0.000 |     0 |   0.000 |          0 |        0.000 |
|                   gen_dq_iobuf_HP.gen_dq_iobuf[6].u_iobuf_dq                 |     0.008 |      37 |     0.000 |    2 |  0.008 |        1 |      0.000 |       0 |     0.000 |      0 |    0.000 |     0 |   0.000 |          0 |        0.000 |
|                   gen_dq_iobuf_HP.gen_dq_iobuf[7].u_iobuf_dq                 |     0.008 |      37 |     0.000 |    2 |  0.008 |        1 |      0.000 |       0 |     0.000 |      0 |    0.000 |     0 |   0.000 |          0 |        0.000 |
|                   gen_dq_iobuf_HP.gen_dq_iobuf[8].u_iobuf_dq                 |     0.008 |      37 |     0.000 |    2 |  0.008 |        1 |      0.000 |       0 |     0.000 |      0 |    0.000 |     0 |   0.000 |          0 |        0.000 |
|                   gen_dq_iobuf_HP.gen_dq_iobuf[9].u_iobuf_dq                 |     0.008 |      37 |     0.000 |    2 |  0.008 |        1 |      0.000 |       0 |     0.000 |      0 |    0.000 |     0 |   0.000 |          0 |        0.000 |
|                   gen_dqs_iobuf_HP.gen_dqs_iobuf[0].gen_dqs_diff.u_iobuf_dqs |     0.016 |      37 |     0.000 |    4 |  0.016 |        3 |     <0.001 |       1 |     0.000 |      0 |    0.000 |     0 |   0.000 |          0 |        0.000 |
|                   gen_dqs_iobuf_HP.gen_dqs_iobuf[1].gen_dqs_diff.u_iobuf_dqs |     0.016 |      37 |     0.000 |    4 |  0.016 |        3 |     <0.001 |       1 |     0.000 |      0 |    0.000 |     0 |   0.000 |          0 |        0.000 |
|                   gen_dqs_iobuf_HP.gen_dqs_iobuf[2].gen_dqs_diff.u_iobuf_dqs |     0.016 |      37 |     0.000 |    4 |  0.016 |        3 |     <0.001 |       1 |     0.000 |      0 |    0.000 |     0 |   0.000 |          0 |        0.000 |
|                   gen_dqs_iobuf_HP.gen_dqs_iobuf[3].gen_dqs_diff.u_iobuf_dqs |     0.016 |      37 |     0.000 |    4 |  0.016 |        3 |     <0.001 |       1 |     0.000 |      0 |    0.000 |     0 |   0.000 |          0 |        0.000 |
|                   u_ddr_mc_phy                                               |     0.413 |      37 |     0.007 |  135 |  0.132 |     2616 |      0.004 |    2502 |     0.002 |      0 |    0.000 |     0 |   0.000 |          0 |        0.000 |
|               mc0                                                            |     0.007 |      37 |     0.002 |    0 |  0.000 |      981 |      0.004 |    1329 |     0.002 |      0 |    0.000 |     0 |   0.000 |          0 |        0.000 |
|                 bank_mach0                                                   |     0.004 |      37 |     0.001 |    0 |  0.000 |      673 |      0.001 |     896 |     0.001 |      0 |    0.000 |     0 |   0.000 |          0 |        0.000 |
|             u_axi_mc                                                         |     0.013 |      37 |     0.010 |    0 |  0.000 |     4032 |      0.002 |    5776 |     0.001 |      0 |    0.000 |     0 |   0.000 |          0 |        0.000 |
|               USE_UPSIZER.upsizer_d2                                         |     0.008 |      37 |     0.006 |    0 |  0.000 |     2249 |      0.001 |    3746 |    <0.001 |      0 |    0.000 |     0 |   0.000 |          0 |        0.000 |
|                 USE_READ.read_data_inst                                      |     0.001 |      37 |    <0.001 |    0 |  0.000 |      349 |     <0.001 |     503 |    <0.001 |      0 |    0.000 |     0 |   0.000 |          0 |        0.000 |
|                 USE_WRITE.write_data_inst                                    |     0.002 |      37 |     0.002 |    0 |  0.000 |      684 |     <0.001 |    1349 |    <0.001 |      0 |    0.000 |     0 |   0.000 |          0 |        0.000 |
|                 mi_register_slice_inst                                       |     0.002 |      37 |     0.002 |    0 |  0.000 |      556 |     <0.001 |     921 |    <0.001 |      0 |    0.000 |     0 |   0.000 |          0 |        0.000 |
|                   r_pipe                                                     |     0.002 |      37 |     0.002 |    0 |  0.000 |      554 |     <0.001 |     917 |    <0.001 |      0 |    0.000 |     0 |   0.000 |          0 |        0.000 |
|               axi_mc_r_channel_0                                             |     0.001 |      37 |     0.001 |    0 |  0.000 |      314 |     <0.001 |     343 |    <0.001 |      0 |    0.000 |     0 |   0.000 |          0 |        0.000 |
|                 rd_data_fifo_0                                               |     0.001 |      37 |    <0.001 |    0 |  0.000 |      276 |     <0.001 |     289 |    <0.001 |      0 |    0.000 |     0 |   0.000 |          0 |        0.000 |
|               axi_mc_w_channel_0                                             |     0.002 |      37 |     0.002 |    0 |  0.000 |     1018 |     <0.001 |    1164 |    <0.001 |      0 |    0.000 |     0 |   0.000 |          0 |        0.000 |
|             u_ui_top                                                         |     0.009 |      37 |     0.006 |    0 |  0.000 |     1601 |      0.002 |    2159 |    <0.001 |      0 |    0.000 |     0 |   0.000 |          0 |        0.000 |
|               ui_rd_data0                                                    |     0.004 |      37 |     0.002 |    0 |  0.000 |      574 |      0.001 |     686 |    <0.001 |      0 |    0.000 |     0 |   0.000 |          0 |        0.000 |
|               ui_wr_data0                                                    |     0.004 |      37 |     0.003 |    0 |  0.000 |      932 |     <0.001 |    1358 |    <0.001 |      0 |    0.000 |     0 |   0.000 |          0 |        0.000 |
|     i_system_sram                                                            |     0.003 |      37 |     0.001 |    0 |  0.000 |      544 |     <0.001 |     573 |    <0.001 |     32 |    0.001 |     0 |   0.000 |          0 |        0.000 |
|       generate_cell[0].i_cell                                                |     0.001 |      37 |    <0.001 |    0 |  0.000 |       32 |     <0.001 |       3 |     0.000 |     32 |    0.001 |     0 |   0.000 |          0 |        0.000 |
|       i_controller                                                           |     0.002 |      37 |     0.001 |    0 |  0.000 |      512 |     <0.001 |     570 |    <0.001 |      0 |    0.000 |     0 |   0.000 |          0 |        0.000 |
|         i_rvx_instance_0                                                     |     0.002 |      37 |     0.001 |    0 |  0.000 |      512 |     <0.001 |     570 |    <0.001 |      0 |    0.000 |     0 |   0.000 |          0 |        0.000 |
+------------------------------------------------------------------------------+-----------+---------+-----------+------+--------+----------+------------+---------+-----------+--------+----------+-------+---------+------------+--------------+


