CRITICAL WARNING: [Common 17-55] 'set_property' expects at least one object. [/home/kshan/rvx_repos/npx-tutorials/rvx_install/mini_git/imp_class_info/genesys2-eb/pinmap/boot_mode.xdc:22]
CRITICAL WARNING: [Common 17-55] 'set_property' expects at least one object. [/home/kshan/rvx_repos/npx-tutorials/rvx_install/mini_git/imp_class_info/genesys2-eb/pinmap/i2c_readymade.xdc:19]
CRITICAL WARNING: [Common 17-55] 'set_property' expects at least one object. [/home/kshan/rvx_repos/npx-tutorials/rvx_install/mini_git/imp_class_info/genesys2-eb/pinmap/i2c_readymade.xdc:20]
CRITICAL WARNING: [Common 17-55] 'set_property' expects at least one object. [/home/kshan/rvx_repos/npx-tutorials/rvx_install/mini_git/imp_class_info/genesys2-eb/pinmap/i2c_readymade.xdc:22]
CRITICAL WARNING: [Common 17-55] 'set_property' expects at least one object. [/home/kshan/rvx_repos/npx-tutorials/rvx_install/mini_git/imp_class_info/genesys2-eb/pinmap/i2c_readymade.xdc:23]
CRITICAL WARNING: [Common 17-55] 'set_property' expects at least one object. [/home/kshan/rvx_repos/npx-tutorials/rvx_install/mini_git/imp_class_info/genesys2-eb/pinmap/spi_flash.xdc:25]
CRITICAL WARNING: [Common 17-55] 'set_property' expects at least one object. [/home/kshan/rvx_repos/npx-tutorials/rvx_install/mini_git/imp_class_info/genesys2-eb/pinmap/spi_flash.xdc:26]
CRITICAL WARNING: [Common 17-55] 'set_property' expects at least one object. [/home/kshan/rvx_repos/npx-tutorials/rvx_install/mini_git/imp_class_info/genesys2-eb/pinmap/oled_rgb.xdc:32]
CRITICAL WARNING: [Common 17-55] 'set_property' expects at least one object. [/home/kshan/rvx_repos/npx-tutorials/rvx_install/mini_git/imp_class_info/genesys2-eb/pinmap/oled_rgb.xdc:33]
CRITICAL WARNING: [Common 17-55] 'set_property' expects at least one object. [/home/kshan/rvx_repos/npx-tutorials/rvx_install/mini_git/imp_class_info/genesys2-eb/pinmap/oled_rgb.xdc:34]
CRITICAL WARNING: [Common 17-55] 'set_property' expects at least one object. [/home/kshan/rvx_repos/npx-tutorials/rvx_install/mini_git/imp_class_info/genesys2-eb/pinmap/oled_rgb.xdc:35]
CRITICAL WARNING: [Common 17-55] 'set_property' expects at least one object. [/home/kshan/rvx_repos/npx-tutorials/rvx_install/mini_git/imp_class_info/genesys2-eb/pinmap/oled_rgb.xdc:37]
CRITICAL WARNING: [Common 17-55] 'set_property' expects at least one object. [/home/kshan/rvx_repos/npx-tutorials/rvx_install/mini_git/imp_class_info/genesys2-eb/pinmap/oled_rgb.xdc:38]
CRITICAL WARNING: [Common 17-55] 'set_property' expects at least one object. [/home/kshan/rvx_repos/npx-tutorials/rvx_install/mini_git/imp_class_info/genesys2-eb/pinmap/oled_rgb.xdc:39]
CRITICAL WARNING: [Common 17-55] 'set_property' expects at least one object. [/home/kshan/rvx_repos/npx-tutorials/rvx_install/mini_git/imp_class_info/genesys2-eb/pinmap/oled_rgb.xdc:40]
CRITICAL WARNING: [Common 17-55] 'set_property' expects at least one object. [/home/kshan/rvx_repos/npx-tutorials/rvx_install/mini_git/imp_class_info/genesys2-eb/pinmap/oled_bw_on_board.xdc:22]
CRITICAL WARNING: [Common 17-55] 'set_property' expects at least one object. [/home/kshan/rvx_repos/npx-tutorials/rvx_install/mini_git/imp_class_info/genesys2-eb/pinmap/oled_bw_on_board.xdc:23]
CRITICAL WARNING: [Common 17-55] 'set_property' expects at least one object. [/home/kshan/rvx_repos/npx-tutorials/rvx_install/mini_git/imp_class_info/genesys2-eb/pinmap/oled_bw_on_board.xdc:25]
CRITICAL WARNING: [Common 17-55] 'set_property' expects at least one object. [/home/kshan/rvx_repos/npx-tutorials/rvx_install/mini_git/imp_class_info/genesys2-eb/pinmap/oled_bw_on_board.xdc:26]
CRITICAL WARNING: [Common 17-55] 'set_property' expects at least one object. [/home/kshan/rvx_repos/npx-tutorials/rvx_install/mini_git/imp_class_info/genesys2-eb/pinmap/oled_bw_on_board.xdc:27]
CRITICAL WARNING: [Common 17-55] 'set_property' expects at least one object. [/home/kshan/rvx_repos/npx-tutorials/rvx_install/mini_git/imp_class_info/genesys2-eb/pinmap/oled_bw_on_board.xdc:28]